[I 2026-05-21 22:11:19,656] A new study created in memory with name: no-name-1f849250-cfeb-4c8f-bb42-de7fac3c0aed
[I 2026-05-21 22:11:22,890] Trial 0 finished with value: 73.34398357247227 and parameters: {'bias_alpha': 1.0, 'bias_combine_ratio': 0.25, 'max_weight': 0.78, 'mape_window': 44, 'bias_window': 15, 'short_vol_window': 7}. Best is trial 0 with value: 73.34398357247227.
[I 2026-05-21 22:11:26,012] Trial 1 finished with value: 73.34887646724745 and parameters: {'bias_alpha': 0.8805139311818198, 'bias_combine_ratio': 0.40706370308701734, 'max_weight': 0.8639377731041001, 'mape_window': 28, 'bias_window': 10, 'short_vol_window': 14}. Best is trial 1 with value: 73.34887646724745.
[I 2026-05-21 22:11:28,975] Trial 2 finished with value: -999926.7519928077 and parameters: {'bias_alpha': 0.984014723718474, 'bias_combine_ratio': 0.37617033955128387, 'max_weight': 0.8735169657318859, 'mape_window': 29, 'bias_window': 20, 'short_vol_window': 10}. Best is trial 1 with value: 73.34887646724745.
[I 2026-05-21 22:11:32,411] Trial 3 finished with value: -999926.7521568362 and parameters: {'bias_alpha': 0.9160581143835077, 'bias_combine_ratio': 0.4315501839174192, 'max_weight': 0.8953065388608241, 'mape_window': 40, 'bias_window': 18, 'short_vol_window': 15}. Best is trial 1 with value: 73.34887646724745.
[I 2026-05-21 22:11:35,544] Trial 4 finished with value: 73.33810781947545 and parameters: {'bias_alpha': 0.8915906339558879, 'bias_combine_ratio': 0.2989738845440482, 'max_weight': 0.8505239904587564, 'mape_window': 43, 'bias_window': 13, 'short_vol_window': 7}. Best is trial 1 with value: 73.34887646724745.
[I 2026-05-21 22:11:38,734] Trial 5 finished with value: 73.34344581288471 and parameters: {'bias_alpha': 0.9212813691278848, 'bias_combine_ratio': 0.23880777799163702, 'max_weight': 0.8420067549775465, 'mape_window': 31, 'bias_window': 10, 'short_vol_window': 8}. Best is trial 1 with value: 73.34887646724745.
[I 2026-05-21 22:11:41,833] Trial 6 finished with value: -999926.7541546779 and parameters: {'bias_alpha': 0.903604629296541, 'bias_combine_ratio': 0.42715837014332464, 'max_weight': 0.7158227670521394, 'mape_window': 31, 'bias_window': 18, 'short_vol_window': 13}. Best is trial 1 with value: 73.34887646724745.
[I 2026-05-21 22:11:44,846] Trial 7 finished with value: -999926.7521857261 and parameters: {'bias_alpha': 0.875980649087301, 'bias_combine_ratio': 0.4215260276259412, 'max_weight': 0.8286445733859586, 'mape_window': 44, 'bias_window': 20, 'short_vol_window': 15}. Best is trial 1 with value: 73.34887646724745.
[I 2026-05-21 22:11:48,050] Trial 8 finished with value: -999926.7520735571 and parameters: {'bias_alpha': 0.9984149354293204, 'bias_combine_ratio': 0.43321705562630813, 'max_weight': 0.7416134372388269, 'mape_window': 38, 'bias_window': 17, 'short_vol_window': 11}. Best is trial 1 with value: 73.34887646724745.
[I 2026-05-21 22:11:51,205] Trial 9 finished with value: -999926.7518383302 and parameters: {'bias_alpha': 0.9587082798973832, 'bias_combine_ratio': 0.2637759818770885, 'max_weight': 0.7706863173031236, 'mape_window': 47, 'bias_window': 18, 'short_vol_window': 11}. Best is trial 1 with value: 73.34887646724745.
[I 2026-05-21 22:11:54,247] Trial 10 finished with value: 73.35103993471742 and parameters: {'bias_alpha': 0.854626917675432, 'bias_combine_ratio': 0.3547312323362738, 'max_weight': 0.8119997583704552, 'mape_window': 26, 'bias_window': 10, 'short_vol_window': 5}. Best is trial 10 with value: 73.35103993471742.
[I 2026-05-21 22:11:57,356] Trial 11 finished with value: 73.35104649280623 and parameters: {'bias_alpha': 0.8549744976752712, 'bias_combine_ratio': 0.3547946380067089, 'max_weight': 0.8110465299761325, 'mape_window': 26, 'bias_window': 10, 'short_vol_window': 5}. Best is trial 11 with value: 73.35104649280623.
[I 2026-05-21 22:12:00,544] Trial 12 finished with value: 73.35115436309421 and parameters: {'bias_alpha': 0.8607084510016386, 'bias_combine_ratio': 0.3511275070294771, 'max_weight': 0.8094747061947855, 'mape_window': 25, 'bias_window': 12, 'short_vol_window': 5}. Best is trial 12 with value: 73.35115436309421.
[I 2026-05-21 22:12:03,521] Trial 13 finished with value: 73.35106035825856 and parameters: {'bias_alpha': 0.855709744413821, 'bias_combine_ratio': 0.3201811970818851, 'max_weight': 0.8010864586575962, 'mape_window': 25, 'bias_window': 12, 'short_vol_window': 5}. Best is trial 12 with value: 73.35115436309421.
[I 2026-05-21 22:12:06,659] Trial 14 finished with value: 73.34124682102006 and parameters: {'bias_alpha': 0.9439854575378428, 'bias_combine_ratio': 0.31026186437931474, 'max_weight': 0.7815108537888761, 'mape_window': 33, 'bias_window': 13, 'short_vol_window': 6}. Best is trial 12 with value: 73.35115436309421.
[I 2026-05-21 22:12:09,903] Trial 15 finished with value: 73.34118346577958 and parameters: {'bias_alpha': 0.8695282407652968, 'bias_combine_ratio': 0.21008097928613345, 'max_weight': 0.7505879006469082, 'mape_window': 35, 'bias_window': 12, 'short_vol_window': 8}. Best is trial 12 with value: 73.35115436309421.
[I 2026-05-21 22:12:13,052] Trial 16 finished with value: 73.34952251477839 and parameters: {'bias_alpha': 0.894600848187744, 'bias_combine_ratio': 0.33235136245929614, 'max_weight': 0.7973004801808772, 'mape_window': 25, 'bias_window': 12, 'short_vol_window': 9}. Best is trial 12 with value: 73.35115436309421.
[I 2026-05-21 22:12:16,255] Trial 17 finished with value: 73.35096452002549 and parameters: {'bias_alpha': 0.8506380706097022, 'bias_combine_ratio': 0.3868887097793646, 'max_weight': 0.8268062195835334, 'mape_window': 50, 'bias_window': 15, 'short_vol_window': 5}. Best is trial 12 with value: 73.35115436309421.
[I 2026-05-21 22:12:19,299] Trial 18 finished with value: 73.33682109383719 and parameters: {'bias_alpha': 0.868098164333671, 'bias_combine_ratio': 0.29041181658036547, 'max_weight': 0.7541145429242685, 'mape_window': 35, 'bias_window': 12, 'short_vol_window': 7}. Best is trial 12 with value: 73.35115436309421.
[I 2026-05-21 22:12:22,281] Trial 19 finished with value: 73.3377995732018 and parameters: {'bias_alpha': 0.9491011330906411, 'bias_combine_ratio': 0.3367588299022519, 'max_weight': 0.7150391230279345, 'mape_window': 29, 'bias_window': 14, 'short_vol_window': 6}. Best is trial 12 with value: 73.35115436309421.
[I 2026-05-21 22:12:25,467] Trial 20 finished with value: 73.33913115816898 and parameters: {'bias_alpha': 0.9044734490651893, 'bias_combine_ratio': 0.275924999442231, 'max_weight': 0.7985593633339768, 'mape_window': 32, 'bias_window': 11, 'short_vol_window': 6}. Best is trial 12 with value: 73.35115436309421.
[I 2026-05-21 22:12:28,419] Trial 21 finished with value: 73.35109553889716 and parameters: {'bias_alpha': 0.8575776535210436, 'bias_combine_ratio': 0.36380182325365557, 'max_weight': 0.8131446957740558, 'mape_window': 25, 'bias_window': 11, 'short_vol_window': 5}. Best is trial 12 with value: 73.35115436309421.
[I 2026-05-21 22:12:31,441] Trial 22 finished with value: 73.3512248193985 and parameters: {'bias_alpha': 0.8644709177927129, 'bias_combine_ratio': 0.3604158500844989, 'max_weight': 0.8212974700224597, 'mape_window': 25, 'bias_window': 11, 'short_vol_window': 5}. Best is trial 22 with value: 73.3512248193985.
[I 2026-05-21 22:12:34,484] Trial 23 finished with value: 73.33776305258851 and parameters: {'bias_alpha': 0.8790607476564944, 'bias_combine_ratio': 0.38389638762280537, 'max_weight': 0.829290761235558, 'mape_window': 27, 'bias_window': 11, 'short_vol_window': 6}. Best is trial 22 with value: 73.3512248193985.
[I 2026-05-21 22:12:37,432] Trial 24 finished with value: 73.34099339231877 and parameters: {'bias_alpha': 0.8652096560623556, 'bias_combine_ratio': 0.353868532607604, 'max_weight': 0.8192774641441661, 'mape_window': 29, 'bias_window': 11, 'short_vol_window': 8}. Best is trial 22 with value: 73.3512248193985.
[I 2026-05-21 22:12:40,383] Trial 25 finished with value: 73.35172193920316 and parameters: {'bias_alpha': 0.8914214672637326, 'bias_combine_ratio': 0.3706449938690508, 'max_weight': 0.8493887132239327, 'mape_window': 25, 'bias_window': 13, 'short_vol_window': 5}. Best is trial 25 with value: 73.35172193920316.
[I 2026-05-21 22:12:43,667] Trial 26 finished with value: 73.33804619203643 and parameters: {'bias_alpha': 0.8904636963266813, 'bias_combine_ratio': 0.4110044899756482, 'max_weight': 0.8477044297204456, 'mape_window': 28, 'bias_window': 13, 'short_vol_window': 7}. Best is trial 25 with value: 73.35172193920316.
[I 2026-05-21 22:12:46,916] Trial 27 finished with value: 73.3490608026124 and parameters: {'bias_alpha': 0.8845257810486492, 'bias_combine_ratio': 0.3366603429417767, 'max_weight': 0.8793579798510432, 'mape_window': 34, 'bias_window': 14, 'short_vol_window': 9}. Best is trial 25 with value: 73.35172193920316.
[I 2026-05-21 22:12:50,000] Trial 28 finished with value: -999926.7526604476 and parameters: {'bias_alpha': 0.909377817752969, 'bias_combine_ratio': 0.39451745216645057, 'max_weight': 0.8598609253701945, 'mape_window': 30, 'bias_window': 16, 'short_vol_window': 6}. Best is trial 25 with value: 73.35172193920316.
[I 2026-05-21 22:12:53,005] Trial 29 finished with value: 73.35132548281332 and parameters: {'bias_alpha': 0.9341945398375017, 'bias_combine_ratio': 0.3733126890875004, 'max_weight': 0.7832858674897709, 'mape_window': 27, 'bias_window': 14, 'short_vol_window': 12}. Best is trial 25 with value: 73.35172193920316.
[I 2026-05-21 22:12:56,130] Trial 30 finished with value: 73.35126618893818 and parameters: {'bias_alpha': 0.93288659530196, 'bias_combine_ratio': 0.37408268393884253, 'max_weight': 0.7681549370930266, 'mape_window': 37, 'bias_window': 14, 'short_vol_window': 13}. Best is trial 25 with value: 73.35172193920316.
[I 2026-05-21 22:12:59,880] Trial 31 finished with value: 73.35094677069519 and parameters: {'bias_alpha': 0.9258444466102778, 'bias_combine_ratio': 0.37262519262579874, 'max_weight': 0.7795084168107, 'mape_window': 41, 'bias_window': 14, 'short_vol_window': 12}. Best is trial 25 with value: 73.35172193920316.
[I 2026-05-21 22:13:03,167] Trial 32 finished with value: 73.35135149861125 and parameters: {'bias_alpha': 0.9347695254729467, 'bias_combine_ratio': 0.446904225444291, 'max_weight': 0.7642737405326179, 'mape_window': 27, 'bias_window': 15, 'short_vol_window': 13}. Best is trial 25 with value: 73.35172193920316.
[I 2026-05-21 22:13:06,271] Trial 33 finished with value: -999926.7521635827 and parameters: {'bias_alpha': 0.934530799709978, 'bias_combine_ratio': 0.4482506384522236, 'max_weight': 0.7337800034717932, 'mape_window': 38, 'bias_window': 16, 'short_vol_window': 14}. Best is trial 25 with value: 73.35172193920316.
[I 2026-05-21 22:13:09,561] Trial 34 finished with value: -999926.7520567726 and parameters: {'bias_alpha': 0.9674771561401792, 'bias_combine_ratio': 0.4037512582928727, 'max_weight': 0.7708692417200753, 'mape_window': 27, 'bias_window': 16, 'short_vol_window': 13}. Best is trial 25 with value: 73.35172193920316.
[I 2026-05-21 22:13:12,631] Trial 35 finished with value: 73.35122840065523 and parameters: {'bias_alpha': 0.9320529000365905, 'bias_combine_ratio': 0.44632075740838056, 'max_weight': 0.7599523734947877, 'mape_window': 36, 'bias_window': 15, 'short_vol_window': 13}. Best is trial 25 with value: 73.35172193920316.
[I 2026-05-21 22:13:15,780] Trial 36 finished with value: 73.35146747728457 and parameters: {'bias_alpha': 0.9409064510016288, 'bias_combine_ratio': 0.3989780755683532, 'max_weight': 0.7293218416987028, 'mape_window': 30, 'bias_window': 14, 'short_vol_window': 12}. Best is trial 25 with value: 73.35172193920316.
[I 2026-05-21 22:13:18,803] Trial 37 finished with value: 73.3477392673848 and parameters: {'bias_alpha': 0.9476873006250116, 'bias_combine_ratio': 0.40983953224806924, 'max_weight': 0.7024034444314278, 'mape_window': 28, 'bias_window': 15, 'short_vol_window': 12}. Best is trial 25 with value: 73.35172193920316.
[I 2026-05-21 22:13:21,882] Trial 38 finished with value: 73.35293706527852 and parameters: {'bias_alpha': 0.9748810499717271, 'bias_combine_ratio': 0.3906357397481705, 'max_weight': 0.7290727633161569, 'mape_window': 31, 'bias_window': 13, 'short_vol_window': 11}. Best is trial 38 with value: 73.35293706527852.
[I 2026-05-21 22:13:25,122] Trial 39 finished with value: 73.35345365108971 and parameters: {'bias_alpha': 0.9814701675860165, 'bias_combine_ratio': 0.398369792877029, 'max_weight': 0.7307107828772625, 'mape_window': 31, 'bias_window': 13, 'short_vol_window': 11}. Best is trial 39 with value: 73.35345365108971.
[I 2026-05-21 22:13:28,226] Trial 40 finished with value: 73.35343736718578 and parameters: {'bias_alpha': 0.981105367268694, 'bias_combine_ratio': 0.40442453004176354, 'max_weight': 0.7301541513666212, 'mape_window': 31, 'bias_window': 13, 'short_vol_window': 10}. Best is trial 39 with value: 73.35345365108971.
[I 2026-05-21 22:13:31,599] Trial 41 finished with value: 73.35331169240143 and parameters: {'bias_alpha': 0.9843514647535095, 'bias_combine_ratio': 0.39871084597092177, 'max_weight': 0.7288676713123711, 'mape_window': 31, 'bias_window': 13, 'short_vol_window': 10}. Best is trial 39 with value: 73.35345365108971.
[I 2026-05-21 22:13:34,708] Trial 42 finished with value: 73.34922647051454 and parameters: {'bias_alpha': 0.9812666893030421, 'bias_combine_ratio': 0.4227949473723031, 'max_weight': 0.7196403450703187, 'mape_window': 32, 'bias_window': 13, 'short_vol_window': 10}. Best is trial 39 with value: 73.35345365108971.
[I 2026-05-21 22:13:37,801] Trial 43 finished with value: 73.353935183629 and parameters: {'bias_alpha': 0.9922540479992233, 'bias_combine_ratio': 0.38846243432306643, 'max_weight': 0.7444935433915212, 'mape_window': 33, 'bias_window': 13, 'short_vol_window': 11}. Best is trial 43 with value: 73.353935183629.
[I 2026-05-21 22:13:40,859] Trial 44 finished with value: 73.35397375974965 and parameters: {'bias_alpha': 0.9931193947190561, 'bias_combine_ratio': 0.3884076316611687, 'max_weight': 0.7406781680054076, 'mape_window': 33, 'bias_window': 13, 'short_vol_window': 11}. Best is trial 44 with value: 73.35397375974965.
[I 2026-05-21 22:13:43,981] Trial 45 finished with value: 73.35416778336881 and parameters: {'bias_alpha': 0.9974750400074843, 'bias_combine_ratio': 0.411920122464993, 'max_weight': 0.7439707138664445, 'mape_window': 33, 'bias_window': 13, 'short_vol_window': 11}. Best is trial 45 with value: 73.35416778336881.
[I 2026-05-21 22:13:46,989] Trial 46 finished with value: 73.3542798374461 and parameters: {'bias_alpha': 0.9999930374040211, 'bias_combine_ratio': 0.4134783250775829, 'max_weight': 0.7401356054179978, 'mape_window': 33, 'bias_window': 13, 'short_vol_window': 11}. Best is trial 46 with value: 73.3542798374461.
[I 2026-05-21 22:13:50,014] Trial 47 finished with value: 73.35427675915412 and parameters: {'bias_alpha': 0.999923844888174, 'bias_combine_ratio': 0.4334873323089069, 'max_weight': 0.7441753146873527, 'mape_window': 33, 'bias_window': 12, 'short_vol_window': 11}. Best is trial 46 with value: 73.3542798374461.
[I 2026-05-21 22:13:53,164] Trial 48 finished with value: 73.35409913120625 and parameters: {'bias_alpha': 0.995933247747395, 'bias_combine_ratio': 0.43309810889877853, 'max_weight': 0.7470586724642707, 'mape_window': 33, 'bias_window': 12, 'short_vol_window': 11}. Best is trial 46 with value: 73.3542798374461.
[I 2026-05-21 22:13:56,419] Trial 49 finished with value: -999926.7520750317 and parameters: {'bias_alpha': 0.997525860092981, 'bias_combine_ratio': 0.43356480658250157, 'max_weight': 0.7412298068781091, 'mape_window': 40, 'bias_window': 19, 'short_vol_window': 9}. Best is trial 46 with value: 73.3542798374461.
[I 2026-05-21 22:13:59,440] Trial 50 finished with value: 73.3496257158138 and parameters: {'bias_alpha': 0.9903357387409379, 'bias_combine_ratio': 0.4180076307385821, 'max_weight': 0.7006000032779759, 'mape_window': 34, 'bias_window': 12, 'short_vol_window': 11}. Best is trial 46 with value: 73.3542798374461.
[I 2026-05-21 22:14:02,517] Trial 51 finished with value: 73.35394121193914 and parameters: {'bias_alpha': 0.992389273210376, 'bias_combine_ratio': 0.4325931093441776, 'max_weight': 0.7460322770293479, 'mape_window': 33, 'bias_window': 12, 'short_vol_window': 11}. Best is trial 46 with value: 73.3542798374461.
[I 2026-05-21 22:14:05,644] Trial 52 finished with value: 73.35426558571146 and parameters: {'bias_alpha': 0.9996733924849333, 'bias_combine_ratio': 0.43566388544190365, 'max_weight': 0.7520736692232399, 'mape_window': 36, 'bias_window': 12, 'short_vol_window': 12}. Best is trial 46 with value: 73.3542798374461.
[I 2026-05-21 22:14:08,796] Trial 53 finished with value: 73.35425360284756 and parameters: {'bias_alpha': 0.9994040592383939, 'bias_combine_ratio': 0.43370336745255744, 'max_weight': 0.7570823467827591, 'mape_window': 36, 'bias_window': 12, 'short_vol_window': 12}. Best is trial 46 with value: 73.3542798374461.
[I 2026-05-21 22:14:11,969] Trial 54 finished with value: 73.35425054051503 and parameters: {'bias_alpha': 0.9993352330217954, 'bias_combine_ratio': 0.43729081329775976, 'max_weight': 0.754496820232911, 'mape_window': 36, 'bias_window': 12, 'short_vol_window': 12}. Best is trial 46 with value: 73.3542798374461.
[I 2026-05-21 22:14:14,988] Trial 55 finished with value: 73.35292721289242 and parameters: {'bias_alpha': 0.9697188084099054, 'bias_combine_ratio': 0.41617585571667, 'max_weight': 0.7585307966477446, 'mape_window': 36, 'bias_window': 10, 'short_vol_window': 12}. Best is trial 46 with value: 73.3542798374461.
[I 2026-05-21 22:14:18,041] Trial 56 finished with value: 73.35003743162783 and parameters: {'bias_alpha': 0.9997125326998119, 'bias_combine_ratio': 0.4397766126757984, 'max_weight': 0.718586746370332, 'mape_window': 40, 'bias_window': 11, 'short_vol_window': 12}. Best is trial 46 with value: 73.3542798374461.
[I 2026-05-21 22:14:21,241] Trial 57 finished with value: 73.35369942389548 and parameters: {'bias_alpha': 0.9869722108912067, 'bias_combine_ratio': 0.4257818185072627, 'max_weight': 0.7859934396566847, 'mape_window': 37, 'bias_window': 12, 'short_vol_window': 14}. Best is trial 46 with value: 73.3542798374461.
[I 2026-05-21 22:14:24,308] Trial 58 finished with value: 73.35317516155955 and parameters: {'bias_alpha': 0.9752491295152896, 'bias_combine_ratio': 0.4418055675794291, 'max_weight': 0.7515250274775515, 'mape_window': 39, 'bias_window': 11, 'short_vol_window': 12}. Best is trial 46 with value: 73.3542798374461.
[I 2026-05-21 22:14:27,441] Trial 59 finished with value: 73.35245063323337 and parameters: {'bias_alpha': 0.959114243637122, 'bias_combine_ratio': 0.4155817037359225, 'max_weight': 0.7754657674266838, 'mape_window': 35, 'bias_window': 10, 'short_vol_window': 14}. Best is trial 46 with value: 73.3542798374461.
[I 2026-05-21 22:14:30,661] Trial 60 finished with value: 73.35372776776752 and parameters: {'bias_alpha': 0.9876035300602937, 'bias_combine_ratio': 0.4279428338784508, 'max_weight': 0.7899286303429865, 'mape_window': 36, 'bias_window': 12, 'short_vol_window': 9}. Best is trial 46 with value: 73.3542798374461.
[I 2026-05-21 22:14:33,649] Trial 61 finished with value: 73.35427558717554 and parameters: {'bias_alpha': 0.9998967951823935, 'bias_combine_ratio': 0.4367766317456093, 'max_weight': 0.7573949247663845, 'mape_window': 34, 'bias_window': 12, 'short_vol_window': 10}. Best is trial 46 with value: 73.3542798374461.
[I 2026-05-21 22:14:36,850] Trial 62 finished with value: 73.3542613631412 and parameters: {'bias_alpha': 0.999577070888916, 'bias_combine_ratio': 0.4384413504444415, 'max_weight': 0.7581076919441079, 'mape_window': 34, 'bias_window': 12, 'short_vol_window': 10}. Best is trial 46 with value: 73.3542798374461.
[I 2026-05-21 22:14:39,974] Trial 63 finished with value: 73.35427031127242 and parameters: {'bias_alpha': 0.9997782013124793, 'bias_combine_ratio': 0.43744364227871396, 'max_weight': 0.7586190240831299, 'mape_window': 35, 'bias_window': 11, 'short_vol_window': 10}. Best is trial 46 with value: 73.3542798374461.
[I 2026-05-21 22:14:42,962] Trial 64 finished with value: 73.35374416079063 and parameters: {'bias_alpha': 0.9879714484674443, 'bias_combine_ratio': 0.4223253630730501, 'max_weight': 0.7639680370929468, 'mape_window': 34, 'bias_window': 11, 'short_vol_window': 10}. Best is trial 46 with value: 73.3542798374461.
[I 2026-05-21 22:14:46,026] Trial 65 finished with value: 73.35314414138574 and parameters: {'bias_alpha': 0.9745553766438873, 'bias_combine_ratio': 0.4396329307003183, 'max_weight': 0.7560256012897713, 'mape_window': 35, 'bias_window': 10, 'short_vol_window': 10}. Best is trial 46 with value: 73.3542798374461.
[I 2026-05-21 22:14:49,122] Trial 66 finished with value: 73.3540130372681 and parameters: {'bias_alpha': 0.9939993039657482, 'bias_combine_ratio': 0.4499083199628243, 'max_weight': 0.7361047943473602, 'mape_window': 37, 'bias_window': 11, 'short_vol_window': 9}. Best is trial 46 with value: 73.3542798374461.
[I 2026-05-21 22:14:52,291] Trial 67 finished with value: 73.3533207575007 and parameters: {'bias_alpha': 0.9784990823503386, 'bias_combine_ratio': 0.23517254194453657, 'max_weight': 0.7732168641982695, 'mape_window': 34, 'bias_window': 12, 'short_vol_window': 10}. Best is trial 46 with value: 73.3542798374461.
[I 2026-05-21 22:14:55,376] Trial 68 finished with value: 73.35365745672604 and parameters: {'bias_alpha': 0.9860289429060982, 'bias_combine_ratio': 0.42927433099640905, 'max_weight': 0.7628490442989158, 'mape_window': 32, 'bias_window': 11, 'short_vol_window': 9}. Best is trial 46 with value: 73.3542798374461.
[I 2026-05-21 22:14:58,467] Trial 69 finished with value: 73.35393957353716 and parameters: {'bias_alpha': 0.9923518214176565, 'bias_combine_ratio': 0.44015756887284435, 'max_weight': 0.7926665740884709, 'mape_window': 35, 'bias_window': 12, 'short_vol_window': 10}. Best is trial 46 with value: 73.3542798374461.
