[I 2026-05-21 22:15:01,623] Trial 70 finished with value: 73.35282744691696 and parameters: {'bias_alpha': 0.9991528068965618, 'bias_combine_ratio': 0.42234483364486436, 'max_weight': 0.7240924371545607, 'mape_window': 39, 'bias_window': 10, 'short_vol_window': 10}. Best is trial 46 with value: 73.3542798374461.
[I 2026-05-21 22:15:04,623] Trial 71 finished with value: 73.35425833779979 and parameters: {'bias_alpha': 0.9995104829988466, 'bias_combine_ratio': 0.43822744137311276, 'max_weight': 0.7513287138575395, 'mape_window': 36, 'bias_window': 12, 'short_vol_window': 12}. Best is trial 46 with value: 73.3542798374461.
[I 2026-05-21 22:15:07,824] Trial 72 finished with value: 73.35405267792352 and parameters: {'bias_alpha': 0.9948917928400357, 'bias_combine_ratio': 0.4301249655850228, 'max_weight': 0.7381456724657084, 'mape_window': 38, 'bias_window': 12, 'short_vol_window': 13}. Best is trial 46 with value: 73.3542798374461.
[I 2026-05-21 22:15:11,001] Trial 73 finished with value: 73.35383437694276 and parameters: {'bias_alpha': 0.989993761132463, 'bias_combine_ratio': 0.4497856009912694, 'max_weight': 0.7496044069125576, 'mape_window': 35, 'bias_window': 11, 'short_vol_window': 11}. Best is trial 46 with value: 73.3542798374461.
[I 2026-05-21 22:15:14,014] Trial 74 finished with value: 73.35426485973399 and parameters: {'bias_alpha': 0.9996570761954884, 'bias_combine_ratio': 0.4424844585334031, 'max_weight': 0.7685738427487723, 'mape_window': 36, 'bias_window': 12, 'short_vol_window': 12}. Best is trial 46 with value: 73.3542798374461.
[I 2026-05-21 22:15:17,057] Trial 75 finished with value: 73.34943333375044 and parameters: {'bias_alpha': 0.9859624491499333, 'bias_combine_ratio': 0.44232529562151035, 'max_weight': 0.7100238238013772, 'mape_window': 34, 'bias_window': 11, 'short_vol_window': 10}. Best is trial 46 with value: 73.3542798374461.
[I 2026-05-21 22:15:20,287] Trial 76 finished with value: 73.35405246930475 and parameters: {'bias_alpha': 0.9948871049173114, 'bias_combine_ratio': 0.4095161396257091, 'max_weight': 0.7663620374753723, 'mape_window': 37, 'bias_window': 12, 'short_vol_window': 13}. Best is trial 46 with value: 73.3542798374461.
[I 2026-05-21 22:15:23,464] Trial 77 finished with value: 73.35384168338867 and parameters: {'bias_alpha': 0.9901582353990691, 'bias_combine_ratio': 0.41985142547093196, 'max_weight': 0.7766939852376611, 'mape_window': 45, 'bias_window': 12, 'short_vol_window': 12}. Best is trial 46 with value: 73.3542798374461.
[I 2026-05-21 22:15:26,499] Trial 78 finished with value: 73.35351674851125 and parameters: {'bias_alpha': 0.9828813617069666, 'bias_combine_ratio': 0.44243037330320145, 'max_weight': 0.751012170566418, 'mape_window': 38, 'bias_window': 11, 'short_vol_window': 11}. Best is trial 46 with value: 73.3542798374461.
[I 2026-05-21 22:15:29,515] Trial 79 finished with value: 73.3529047774818 and parameters: {'bias_alpha': 0.9692181272524903, 'bias_combine_ratio': 0.4266527596009483, 'max_weight': 0.8047498963939006, 'mape_window': 30, 'bias_window': 14, 'short_vol_window': 11}. Best is trial 46 with value: 73.3542798374461.
[I 2026-05-21 22:15:32,624] Trial 80 finished with value: 73.3458994848192 and parameters: {'bias_alpha': 0.9781980386344914, 'bias_combine_ratio': 0.30027542798988127, 'max_weight': 0.7695755723481581, 'mape_window': 32, 'bias_window': 11, 'short_vol_window': 8}. Best is trial 46 with value: 73.3542798374461.
[I 2026-05-21 22:15:35,690] Trial 81 finished with value: 73.35422594504257 and parameters: {'bias_alpha': 0.998782489307105, 'bias_combine_ratio': 0.4354971680807034, 'max_weight': 0.7560827289747131, 'mape_window': 35, 'bias_window': 12, 'short_vol_window': 12}. Best is trial 46 with value: 73.3542798374461.
[I 2026-05-21 22:15:38,845] Trial 82 finished with value: 73.35425908475563 and parameters: {'bias_alpha': 0.9995272712416974, 'bias_combine_ratio': 0.4358351155325863, 'max_weight': 0.7592637817055837, 'mape_window': 36, 'bias_window': 12, 'short_vol_window': 12}. Best is trial 46 with value: 73.3542798374461.
[I 2026-05-21 22:15:41,924] Trial 83 finished with value: 73.35378501667482 and parameters: {'bias_alpha': 0.9888875295032923, 'bias_combine_ratio': 0.4462415867532793, 'max_weight': 0.7373710288509737, 'mape_window': 34, 'bias_window': 13, 'short_vol_window': 11}. Best is trial 46 with value: 73.3542798374461.
[I 2026-05-21 22:15:45,037] Trial 84 finished with value: 73.35404638867342 and parameters: {'bias_alpha': 0.9947499149401202, 'bias_combine_ratio': 0.4145315759800937, 'max_weight': 0.7613243854400229, 'mape_window': 36, 'bias_window': 12, 'short_vol_window': 12}. Best is trial 46 with value: 73.3542798374461.
[I 2026-05-21 22:15:48,257] Trial 85 finished with value: 73.35408249703342 and parameters: {'bias_alpha': 0.9955611819132238, 'bias_combine_ratio': 0.40288158730393775, 'max_weight': 0.7505431659606703, 'mape_window': 37, 'bias_window': 13, 'short_vol_window': 13}. Best is trial 46 with value: 73.3542798374461.
[I 2026-05-21 22:15:51,281] Trial 86 finished with value: 73.35388432068316 and parameters: {'bias_alpha': 0.9911134181819714, 'bias_combine_ratio': 0.42556125420574853, 'max_weight': 0.7675568839388007, 'mape_window': 35, 'bias_window': 12, 'short_vol_window': 11}. Best is trial 46 with value: 73.3542798374461.
[I 2026-05-21 22:15:54,560] Trial 87 finished with value: 73.35427816158736 and parameters: {'bias_alpha': 0.9999546665013138, 'bias_combine_ratio': 0.43638644334982457, 'max_weight': 0.7448217300219709, 'mape_window': 39, 'bias_window': 13, 'short_vol_window': 10}. Best is trial 46 with value: 73.3542798374461.
[I 2026-05-21 22:15:57,897] Trial 88 finished with value: 73.35358107045245 and parameters: {'bias_alpha': 0.984319106774609, 'bias_combine_ratio': 0.44524172157187225, 'max_weight': 0.7425079572562914, 'mape_window': 39, 'bias_window': 13, 'short_vol_window': 9}. Best is trial 46 with value: 73.3542798374461.
[I 2026-05-21 22:16:01,920] Trial 89 finished with value: 73.35408990921752 and parameters: {'bias_alpha': 0.9957254745111324, 'bias_combine_ratio': 0.38006414770116903, 'max_weight': 0.7337255164050978, 'mape_window': 42, 'bias_window': 14, 'short_vol_window': 10}. Best is trial 46 with value: 73.3542798374461.
[I 2026-05-21 22:16:05,142] Trial 90 finished with value: 73.35390990704913 and parameters: {'bias_alpha': 0.991686463812815, 'bias_combine_ratio': 0.43287837391900946, 'max_weight': 0.7804269153256425, 'mape_window': 50, 'bias_window': 13, 'short_vol_window': 10}. Best is trial 46 with value: 73.3542798374461.
[I 2026-05-21 22:16:08,483] Trial 91 finished with value: 73.35424863908679 and parameters: {'bias_alpha': 0.9992924980794776, 'bias_combine_ratio': 0.4361721104504615, 'max_weight': 0.74828735366501, 'mape_window': 36, 'bias_window': 12, 'short_vol_window': 12}. Best is trial 46 with value: 73.3542798374461.
[I 2026-05-21 22:16:11,770] Trial 92 finished with value: 73.35252439334036 and parameters: {'bias_alpha': 0.9952014388963031, 'bias_combine_ratio': 0.41895336479662526, 'max_weight': 0.7235612944296548, 'mape_window': 38, 'bias_window': 12, 'short_vol_window': 11}. Best is trial 46 with value: 73.3542798374461.
[I 2026-05-21 22:16:14,792] Trial 93 finished with value: 73.3542692403952 and parameters: {'bias_alpha': 0.9997541305575933, 'bias_combine_ratio': 0.4389870887071375, 'max_weight': 0.7581426857070891, 'mape_window': 34, 'bias_window': 11, 'short_vol_window': 10}. Best is trial 46 with value: 73.3542798374461.
[I 2026-05-21 22:16:17,878] Trial 94 finished with value: 73.35381507891152 and parameters: {'bias_alpha': 0.989560515558985, 'bias_combine_ratio': 0.42868121835913203, 'max_weight': 0.7617280745826291, 'mape_window': 33, 'bias_window': 11, 'short_vol_window': 10}. Best is trial 46 with value: 73.3542798374461.
[I 2026-05-21 22:16:20,877] Trial 95 finished with value: 73.35410259956505 and parameters: {'bias_alpha': 0.9960097169702701, 'bias_combine_ratio': 0.44359105281964456, 'max_weight': 0.7586875316691013, 'mape_window': 32, 'bias_window': 10, 'short_vol_window': 9}. Best is trial 46 with value: 73.3542798374461.
[I 2026-05-21 22:16:25,513] A new study created in memory with name: no-name-d977d711-fdec-473c-a1e3-712dbe0b097d
[I 2026-05-21 22:16:28,677] Trial 0 finished with value: -999926.7306119384 and parameters: {'bias_alpha': 1.0, 'bias_combine_ratio': 0.25, 'max_weight': 0.78, 'mape_window': 44, 'bias_window': 15, 'short_vol_window': 7}. Best is trial 0 with value: -999926.7306119384.
[I 2026-05-21 22:16:31,829] Trial 1 finished with value: -999926.722814543 and parameters: {'bias_alpha': 0.8805139311818198, 'bias_combine_ratio': 0.40706370308701734, 'max_weight': 0.8639377731041001, 'mape_window': 28, 'bias_window': 10, 'short_vol_window': 14}. Best is trial 1 with value: -999926.722814543.
[I 2026-05-21 22:16:35,308] Trial 2 finished with value: -999926.7427382433 and parameters: {'bias_alpha': 0.984014723718474, 'bias_combine_ratio': 0.37617033955128387, 'max_weight': 0.8735169657318859, 'mape_window': 29, 'bias_window': 20, 'short_vol_window': 10}. Best is trial 1 with value: -999926.722814543.
[I 2026-05-21 22:16:38,716] Trial 3 finished with value: -999926.7444198253 and parameters: {'bias_alpha': 0.9160581143835077, 'bias_combine_ratio': 0.4315501839174192, 'max_weight': 0.8953065388608241, 'mape_window': 40, 'bias_window': 18, 'short_vol_window': 15}. Best is trial 1 with value: -999926.722814543.
[I 2026-05-21 22:16:42,160] Trial 4 finished with value: -999926.7307466271 and parameters: {'bias_alpha': 0.8915906339558879, 'bias_combine_ratio': 0.2989738845440482, 'max_weight': 0.8505239904587564, 'mape_window': 43, 'bias_window': 13, 'short_vol_window': 7}. Best is trial 1 with value: -999926.722814543.
[I 2026-05-21 22:16:46,081] Trial 5 finished with value: -999926.7278592618 and parameters: {'bias_alpha': 0.9212813691278848, 'bias_combine_ratio': 0.23880777799163702, 'max_weight': 0.8420067549775465, 'mape_window': 31, 'bias_window': 10, 'short_vol_window': 8}. Best is trial 1 with value: -999926.722814543.
[I 2026-05-21 22:16:49,254] Trial 6 finished with value: -999926.7437318924 and parameters: {'bias_alpha': 0.903604629296541, 'bias_combine_ratio': 0.42715837014332464, 'max_weight': 0.7158227670521394, 'mape_window': 31, 'bias_window': 18, 'short_vol_window': 13}. Best is trial 1 with value: -999926.722814543.
[I 2026-05-21 22:16:52,545] Trial 7 finished with value: -999926.7438533026 and parameters: {'bias_alpha': 0.875980649087301, 'bias_combine_ratio': 0.4215260276259412, 'max_weight': 0.8286445733859586, 'mape_window': 44, 'bias_window': 20, 'short_vol_window': 15}. Best is trial 1 with value: -999926.722814543.
[I 2026-05-21 22:16:56,075] Trial 8 finished with value: -999926.7455396979 and parameters: {'bias_alpha': 0.9984149354293204, 'bias_combine_ratio': 0.43321705562630813, 'max_weight': 0.7416134372388269, 'mape_window': 38, 'bias_window': 17, 'short_vol_window': 11}. Best is trial 1 with value: -999926.722814543.
[I 2026-05-21 22:16:59,708] Trial 9 finished with value: -999926.7453563683 and parameters: {'bias_alpha': 0.9587082798973832, 'bias_combine_ratio': 0.2637759818770885, 'max_weight': 0.7706863173031236, 'mape_window': 47, 'bias_window': 18, 'short_vol_window': 11}. Best is trial 1 with value: -999926.722814543.
[I 2026-05-21 22:17:03,124] Trial 10 finished with value: -999926.7278431795 and parameters: {'bias_alpha': 0.854626917675432, 'bias_combine_ratio': 0.3547312323362738, 'max_weight': 0.8119997583704552, 'mape_window': 26, 'bias_window': 10, 'short_vol_window': 5}. Best is trial 1 with value: -999926.722814543.
[I 2026-05-21 22:17:06,346] Trial 11 finished with value: -999926.7278428861 and parameters: {'bias_alpha': 0.8549744976752712, 'bias_combine_ratio': 0.3547946380067089, 'max_weight': 0.8110465299761325, 'mape_window': 26, 'bias_window': 10, 'short_vol_window': 5}. Best is trial 1 with value: -999926.722814543.
[I 2026-05-21 22:17:10,175] Trial 12 finished with value: -999926.7278380515 and parameters: {'bias_alpha': 0.8607084510016386, 'bias_combine_ratio': 0.3564653463456365, 'max_weight': 0.7955472052364475, 'mape_window': 25, 'bias_window': 12, 'short_vol_window': 5}. Best is trial 1 with value: -999926.722814543.
[I 2026-05-21 22:17:14,235] Trial 13 finished with value: -999926.7228032083 and parameters: {'bias_alpha': 0.8817882725666538, 'bias_combine_ratio': 0.309811591159554, 'max_weight': 0.7792059724650838, 'mape_window': 34, 'bias_window': 12, 'short_vol_window': 13}. Best is trial 13 with value: -999926.7228032083.
[I 2026-05-21 22:17:18,296] Trial 14 finished with value: -999926.7222661052 and parameters: {'bias_alpha': 0.9439854575378428, 'bias_combine_ratio': 0.3068271982381706, 'max_weight': 0.7526834290132451, 'mape_window': 34, 'bias_window': 12, 'short_vol_window': 13}. Best is trial 14 with value: -999926.7222661052.
[I 2026-05-21 22:17:22,084] Trial 15 finished with value: -999926.7222440771 and parameters: {'bias_alpha': 0.9466391384700343, 'bias_combine_ratio': 0.3020942241787374, 'max_weight': 0.7507748723479907, 'mape_window': 36, 'bias_window': 13, 'short_vol_window': 13}. Best is trial 15 with value: -999926.7222440771.
[I 2026-05-21 22:17:25,217] Trial 16 finished with value: -999926.7222545999 and parameters: {'bias_alpha': 0.9459194241294628, 'bias_combine_ratio': 0.20782869803849413, 'max_weight': 0.7458038524360477, 'mape_window': 34, 'bias_window': 14, 'short_vol_window': 12}. Best is trial 15 with value: -999926.7222440771.
[I 2026-05-21 22:17:28,457] Trial 17 finished with value: -999926.7173676622 and parameters: {'bias_alpha': 0.9464036590459096, 'bias_combine_ratio': 0.2249329790693021, 'max_weight': 0.7023682760823995, 'mape_window': 35, 'bias_window': 15, 'short_vol_window': 12}. Best is trial 17 with value: -999926.7173676622.
[I 2026-05-21 22:17:31,689] Trial 18 finished with value: -999926.7475209798 and parameters: {'bias_alpha': 0.9690375574758063, 'bias_combine_ratio': 0.20078548262972393, 'max_weight': 0.7104016058368624, 'mape_window': 37, 'bias_window': 16, 'short_vol_window': 9}. Best is trial 17 with value: -999926.7173676622.
[I 2026-05-21 22:17:34,984] Trial 19 finished with value: -999926.7314890277 and parameters: {'bias_alpha': 0.9369321556424264, 'bias_combine_ratio': 0.27896283509210884, 'max_weight': 0.7014912291827496, 'mape_window': 40, 'bias_window': 14, 'short_vol_window': 11}. Best is trial 17 with value: -999926.7173676622.
[I 2026-05-21 22:17:38,145] Trial 20 finished with value: -999926.7300671194 and parameters: {'bias_alpha': 0.965186353589554, 'bias_combine_ratio': 0.23111969541572067, 'max_weight': 0.7330418522754751, 'mape_window': 49, 'bias_window': 15, 'short_vol_window': 12}. Best is trial 17 with value: -999926.7173676622.
[I 2026-05-21 22:17:41,258] Trial 21 finished with value: -999926.7222773792 and parameters: {'bias_alpha': 0.9446678104792278, 'bias_combine_ratio': 0.20193908701821683, 'max_weight': 0.73192033969791, 'mape_window': 35, 'bias_window': 14, 'short_vol_window': 12}. Best is trial 17 with value: -999926.7173676622.
[I 2026-05-21 22:17:44,414] Trial 22 finished with value: -999926.7223219754 and parameters: {'bias_alpha': 0.9371271412279207, 'bias_combine_ratio': 0.22322197674215813, 'max_weight': 0.7587447627380471, 'mape_window': 32, 'bias_window': 14, 'short_vol_window': 14}. Best is trial 17 with value: -999926.7173676622.
[I 2026-05-21 22:17:47,808] Trial 23 finished with value: -999926.7302574283 and parameters: {'bias_alpha': 0.950844562120125, 'bias_combine_ratio': 0.2706983357050724, 'max_weight': 0.7238911574391264, 'mape_window': 37, 'bias_window': 13, 'short_vol_window': 10}. Best is trial 17 with value: -999926.7173676622.
[I 2026-05-21 22:17:51,008] Trial 24 finished with value: -999926.744924716 and parameters: {'bias_alpha': 0.9281051512359542, 'bias_combine_ratio': 0.21912722169861915, 'max_weight': 0.7465950502823423, 'mape_window': 40, 'bias_window': 16, 'short_vol_window': 12}. Best is trial 17 with value: -999926.7173676622.
[I 2026-05-21 22:17:54,218] Trial 25 finished with value: -999926.7170832137 and parameters: {'bias_alpha': 0.9764352058489058, 'bias_combine_ratio': 0.33191293741922795, 'max_weight': 0.7000043012094456, 'mape_window': 35, 'bias_window': 13, 'short_vol_window': 14}. Best is trial 25 with value: -999926.7170832137.
[I 2026-05-21 22:17:57,389] Trial 26 finished with value: -999926.7170837042 and parameters: {'bias_alpha': 0.9763833300330237, 'bias_combine_ratio': 0.3295274437817945, 'max_weight': 0.7171617254505531, 'mape_window': 36, 'bias_window': 13, 'short_vol_window': 14}. Best is trial 25 with value: -999926.7170832137.
[I 2026-05-21 22:18:00,520] Trial 27 finished with value: -999926.7475411777 and parameters: {'bias_alpha': 0.9865134015587238, 'bias_combine_ratio': 0.3339578367737923, 'max_weight': 0.7033953011250821, 'mape_window': 39, 'bias_window': 16, 'short_vol_window': 14}. Best is trial 25 with value: -999926.7170832137.
[I 2026-05-21 22:18:03,824] Trial 28 finished with value: -999926.7226859413 and parameters: {'bias_alpha': 0.9771894069484018, 'bias_combine_ratio': 0.33343596861569097, 'max_weight': 0.7237364711779367, 'mape_window': 32, 'bias_window': 11, 'short_vol_window': 15}. Best is trial 25 with value: -999926.7170832137.
[I 2026-05-21 22:18:07,230] Trial 29 finished with value: -999926.7314280348 and parameters: {'bias_alpha': 0.9933655985436227, 'bias_combine_ratio': 0.37844692600576313, 'max_weight': 0.7155223245169179, 'mape_window': 42, 'bias_window': 15, 'short_vol_window': 14}. Best is trial 25 with value: -999926.7170832137.
[I 2026-05-21 22:18:10,785] Trial 30 finished with value: -999926.7170818002 and parameters: {'bias_alpha': 0.976587361299264, 'bias_combine_ratio': 0.286594799617359, 'max_weight': 0.7024518338534447, 'mape_window': 33, 'bias_window': 11, 'short_vol_window': 15}. Best is trial 30 with value: -999926.7170818002.
[I 2026-05-21 22:18:14,146] Trial 31 finished with value: -999926.7171232136 and parameters: {'bias_alpha': 0.9722081909045638, 'bias_combine_ratio': 0.28973306932217113, 'max_weight': 0.7038941358343968, 'mape_window': 33, 'bias_window': 11, 'short_vol_window': 15}. Best is trial 30 with value: -999926.7170818002.
[I 2026-05-21 22:18:17,578] Trial 32 finished with value: -999926.7224496295 and parameters: {'bias_alpha': 0.978485969718346, 'bias_combine_ratio': 0.286381760539221, 'max_weight': 0.725751364103802, 'mape_window': 29, 'bias_window': 11, 'short_vol_window': 15}. Best is trial 30 with value: -999926.7170818002.
[I 2026-05-21 22:18:20,784] Trial 33 finished with value: -999926.7171512933 and parameters: {'bias_alpha': 0.9692377060714533, 'bias_combine_ratio': 0.25333961056147314, 'max_weight': 0.7154985187826501, 'mape_window': 33, 'bias_window': 11, 'short_vol_window': 14}. Best is trial 30 with value: -999926.7170818002.
[I 2026-05-21 22:18:23,906] Trial 34 finished with value: -999926.7172527952 and parameters: {'bias_alpha': 0.9585226842918844, 'bias_combine_ratio': 0.3193518405213329, 'max_weight': 0.7011901183997824, 'mape_window': 29, 'bias_window': 12, 'short_vol_window': 15}. Best is trial 30 with value: -999926.7170818002.
[I 2026-05-21 22:18:27,139] Trial 35 finished with value: -999926.721881593 and parameters: {'bias_alpha': 0.9887357034842974, 'bias_combine_ratio': 0.2927502301791565, 'max_weight': 0.7341176926736434, 'mape_window': 30, 'bias_window': 11, 'short_vol_window': 15}. Best is trial 30 with value: -999926.7170818002.
[I 2026-05-21 22:18:30,200] Trial 36 finished with value: -999926.7219530129 and parameters: {'bias_alpha': 0.9777878519202747, 'bias_combine_ratio': 0.3816509304481695, 'max_weight': 0.8993411677440212, 'mape_window': 36, 'bias_window': 13, 'short_vol_window': 14}. Best is trial 30 with value: -999926.7170818002.
[I 2026-05-21 22:18:33,400] Trial 37 finished with value: -999926.7172422389 and parameters: {'bias_alpha': 0.9596312657406288, 'bias_combine_ratio': 0.3291614133254005, 'max_weight': 0.717523580456791, 'mape_window': 32, 'bias_window': 12, 'short_vol_window': 13}. Best is trial 30 with value: -999926.7170818002.
[I 2026-05-21 22:18:36,651] Trial 38 finished with value: -999926.7300277589 and parameters: {'bias_alpha': 0.9995348116836437, 'bias_combine_ratio': 0.3970099109945001, 'max_weight': 0.8793652502356231, 'mape_window': 38, 'bias_window': 13, 'short_vol_window': 14}. Best is trial 30 with value: -999926.7170818002.
[I 2026-05-21 22:18:39,782] Trial 39 finished with value: -999926.7300466349 and parameters: {'bias_alpha': 0.9819494752431915, 'bias_combine_ratio': 0.3406038344877229, 'max_weight': 0.7636881690512417, 'mape_window': 42, 'bias_window': 10, 'short_vol_window': 15}. Best is trial 30 with value: -999926.7170818002.
[I 2026-05-21 22:18:42,874] Trial 40 finished with value: -999926.7171238858 and parameters: {'bias_alpha': 0.9721350026010602, 'bias_combine_ratio': 0.31941620752135175, 'max_weight': 0.712752660081197, 'mape_window': 28, 'bias_window': 11, 'short_vol_window': 14}. Best is trial 30 with value: -999926.7170818002.
[I 2026-05-21 22:18:46,116] Trial 41 finished with value: -999926.7171230704 and parameters: {'bias_alpha': 0.972221180750352, 'bias_combine_ratio': 0.3122219787483469, 'max_weight': 0.7099807602732021, 'mape_window': 27, 'bias_window': 11, 'short_vol_window': 14}. Best is trial 30 with value: -999926.7170818002.
[I 2026-05-21 22:18:49,270] Trial 42 finished with value: -999926.7218882132 and parameters: {'bias_alpha': 0.9876339739201453, 'bias_combine_ratio': 0.2892813739535629, 'max_weight': 0.7385358787700597, 'mape_window': 27, 'bias_window': 10, 'short_vol_window': 13}. Best is trial 30 with value: -999926.7170818002.
