[I 2026-05-21 22:18:52,368] Trial 43 finished with value: -999926.7172099125 and parameters: {'bias_alpha': 0.963049056201231, 'bias_combine_ratio': 0.44702360226330845, 'max_weight': 0.7093114965417076, 'mape_window': 31, 'bias_window': 11, 'short_vol_window': 15}. Best is trial 30 with value: -999926.7170818002.
[I 2026-05-21 22:18:55,627] Trial 44 finished with value: -999926.7228768159 and parameters: {'bias_alpha': 0.955068176452028, 'bias_combine_ratio': 0.3488478322989464, 'max_weight': 0.7238027956072387, 'mape_window': 33, 'bias_window': 12, 'short_vol_window': 15}. Best is trial 30 with value: -999926.7170818002.
[I 2026-05-21 22:18:58,729] Trial 45 finished with value: -999926.7240796019 and parameters: {'bias_alpha': 0.9743610553904037, 'bias_combine_ratio': 0.26797232145154964, 'max_weight': 0.7090837850635358, 'mape_window': 36, 'bias_window': 10, 'short_vol_window': 7}. Best is trial 30 with value: -999926.7170818002.
[I 2026-05-21 22:19:02,400] Trial 46 finished with value: -999926.7169144483 and parameters: {'bias_alpha': 0.9943084220955146, 'bias_combine_ratio': 0.24846082386657323, 'max_weight': 0.7004573093763103, 'mape_window': 30, 'bias_window': 13, 'short_vol_window': 14}. Best is trial 46 with value: -999926.7169144483.
[I 2026-05-21 22:19:05,698] Trial 47 finished with value: -999926.7218088824 and parameters: {'bias_alpha': 0.9941028577227523, 'bias_combine_ratio': 0.2549254014980925, 'max_weight': 0.7934637306986764, 'mape_window': 25, 'bias_window': 13, 'short_vol_window': 14}. Best is trial 46 with value: -999926.7169144483.
[I 2026-05-21 22:19:09,140] Trial 48 finished with value: -999926.7226080591 and parameters: {'bias_alpha': 0.9037944461233534, 'bias_combine_ratio': 0.3694127391704074, 'max_weight': 0.8472082670302258, 'mape_window': 30, 'bias_window': 14, 'short_vol_window': 13}. Best is trial 46 with value: -999926.7169144483.
[I 2026-05-21 22:19:12,402] Trial 49 finished with value: -999926.7452985913 and parameters: {'bias_alpha': 0.9933838645139227, 'bias_combine_ratio': 0.3156702020410614, 'max_weight': 0.7208314527985757, 'mape_window': 27, 'bias_window': 19, 'short_vol_window': 13}. Best is trial 46 with value: -999926.7169144483.
[I 2026-05-21 22:19:15,657] Trial 50 finished with value: -999926.7278106746 and parameters: {'bias_alpha': 0.9809447302864189, 'bias_combine_ratio': 0.24185322974096865, 'max_weight': 0.7308157204520807, 'mape_window': 30, 'bias_window': 12, 'short_vol_window': 6}. Best is trial 46 with value: -999926.7169144483.
[I 2026-05-21 22:19:18,861] Trial 51 finished with value: -999926.7171594725 and parameters: {'bias_alpha': 0.9683735408594331, 'bias_combine_ratio': 0.29729128670591604, 'max_weight': 0.7074995691514825, 'mape_window': 33, 'bias_window': 11, 'short_vol_window': 14}. Best is trial 46 with value: -999926.7169144483.
[I 2026-05-21 22:19:22,080] Trial 52 finished with value: -999926.7169994189 and parameters: {'bias_alpha': 0.9853065548357645, 'bias_combine_ratio': 0.2797243496429703, 'max_weight': 0.7005617082700688, 'mape_window': 35, 'bias_window': 13, 'short_vol_window': 15}. Best is trial 46 with value: -999926.7169144483.
[I 2026-05-21 22:19:26,261] Trial 53 finished with value: -999926.7170124496 and parameters: {'bias_alpha': 0.983910495651365, 'bias_combine_ratio': 0.28214005714165646, 'max_weight': 0.7147240029767536, 'mape_window': 35, 'bias_window': 13, 'short_vol_window': 9}. Best is trial 46 with value: -999926.7169144483.
[I 2026-05-21 22:19:29,550] Trial 54 finished with value: -999926.7218904482 and parameters: {'bias_alpha': 0.9848527102960996, 'bias_combine_ratio': 0.2777623016384363, 'max_weight': 0.8344186293034899, 'mape_window': 35, 'bias_window': 13, 'short_vol_window': 9}. Best is trial 46 with value: -999926.7169144483.
[I 2026-05-21 22:19:32,891] Trial 55 finished with value: -999926.730039954 and parameters: {'bias_alpha': 0.9901476833730694, 'bias_combine_ratio': 0.25959500623628023, 'max_weight': 0.740815737325903, 'mape_window': 39, 'bias_window': 14, 'short_vol_window': 10}. Best is trial 46 with value: -999926.7169144483.
[I 2026-05-21 22:19:36,303] Trial 56 finished with value: -999926.7168717195 and parameters: {'bias_alpha': 0.998832901111052, 'bias_combine_ratio': 0.27776931144266936, 'max_weight': 0.7188403124124461, 'mape_window': 35, 'bias_window': 13, 'short_vol_window': 11}. Best is trial 56 with value: -999926.7168717195.
[I 2026-05-21 22:19:39,457] Trial 57 finished with value: -999926.7168610989 and parameters: {'bias_alpha': 0.9999545174446075, 'bias_combine_ratio': 0.24548980570021472, 'max_weight': 0.700593240837188, 'mape_window': 34, 'bias_window': 13, 'short_vol_window': 9}. Best is trial 57 with value: -999926.7168610989.
[I 2026-05-21 22:19:42,804] Trial 58 finished with value: -999926.7278785101 and parameters: {'bias_alpha': 0.9993424493045823, 'bias_combine_ratio': 0.2463389599656495, 'max_weight': 0.727088901942427, 'mape_window': 34, 'bias_window': 15, 'short_vol_window': 8}. Best is trial 57 with value: -999926.7168610989.
[I 2026-05-21 22:19:46,038] Trial 59 finished with value: -999926.7300326168 and parameters: {'bias_alpha': 0.9948634308337904, 'bias_combine_ratio': 0.2333221535293194, 'max_weight': 0.861510765650712, 'mape_window': 37, 'bias_window': 14, 'short_vol_window': 9}. Best is trial 57 with value: -999926.7168610989.
[I 2026-05-21 22:19:49,268] Trial 60 finished with value: -999926.7218863172 and parameters: {'bias_alpha': 0.9853202952496952, 'bias_combine_ratio': 0.27852404936683284, 'max_weight': 0.8083164862243066, 'mape_window': 34, 'bias_window': 12, 'short_vol_window': 9}. Best is trial 57 with value: -999926.7168610989.
[I 2026-05-21 22:19:52,474] Trial 61 finished with value: -999926.7232496873 and parameters: {'bias_alpha': 0.9998620563972743, 'bias_combine_ratio': 0.26487658798480085, 'max_weight': 0.7043936920681205, 'mape_window': 35, 'bias_window': 13, 'short_vol_window': 8}. Best is trial 57 with value: -999926.7168610989.
[I 2026-05-21 22:19:55,643] Trial 62 finished with value: -999926.7169520487 and parameters: {'bias_alpha': 0.9903143205449662, 'bias_combine_ratio': 0.3039047688845991, 'max_weight': 0.7111137364206901, 'mape_window': 32, 'bias_window': 13, 'short_vol_window': 11}. Best is trial 57 with value: -999926.7168610989.
[I 2026-05-21 22:19:58,785] Trial 63 finished with value: -999926.7169367364 and parameters: {'bias_alpha': 0.9919373212929894, 'bias_combine_ratio': 0.30458121909349245, 'max_weight': 0.7169471956529868, 'mape_window': 32, 'bias_window': 13, 'short_vol_window': 11}. Best is trial 57 with value: -999926.7168610989.
[I 2026-05-21 22:20:02,049] Trial 64 finished with value: -999926.7169427031 and parameters: {'bias_alpha': 0.9913021012849556, 'bias_combine_ratio': 0.2746432069819594, 'max_weight': 0.7195432861061007, 'mape_window': 31, 'bias_window': 14, 'short_vol_window': 10}. Best is trial 57 with value: -999926.7168610989.
[I 2026-05-21 22:20:05,298] Trial 65 finished with value: -999926.721852762 and parameters: {'bias_alpha': 0.9916673463655618, 'bias_combine_ratio': 0.3016238072936684, 'max_weight': 0.7377178643409101, 'mape_window': 31, 'bias_window': 14, 'short_vol_window': 11}. Best is trial 57 with value: -999926.7168610989.
[I 2026-05-21 22:20:08,680] Trial 66 finished with value: -999926.7168867983 and parameters: {'bias_alpha': 0.9972329554321296, 'bias_combine_ratio': 0.21619750870605392, 'max_weight': 0.7213243683472313, 'mape_window': 32, 'bias_window': 15, 'short_vol_window': 11}. Best is trial 57 with value: -999926.7168610989.
[I 2026-05-21 22:20:12,029] Trial 67 finished with value: -999926.7218050044 and parameters: {'bias_alpha': 0.9959266079897604, 'bias_combine_ratio': 0.23295258133736443, 'max_weight': 0.7517856209693295, 'mape_window': 32, 'bias_window': 15, 'short_vol_window': 11}. Best is trial 57 with value: -999926.7168610989.
[I 2026-05-21 22:20:15,335] Trial 68 finished with value: -999926.7431050207 and parameters: {'bias_alpha': 0.9917630552856949, 'bias_combine_ratio': 0.21578789030380047, 'max_weight': 0.7288238797718127, 'mape_window': 30, 'bias_window': 17, 'short_vol_window': 10}. Best is trial 57 with value: -999926.7168610989.
[I 2026-05-21 22:20:18,416] Trial 69 finished with value: -999926.7229480344 and parameters: {'bias_alpha': 0.8683152963256094, 'bias_combine_ratio': 0.21388393393562732, 'max_weight': 0.7453280710032377, 'mape_window': 31, 'bias_window': 15, 'short_vol_window': 11}. Best is trial 57 with value: -999926.7168610989.
[I 2026-05-21 22:20:21,609] Trial 70 finished with value: -999926.7168921855 and parameters: {'bias_alpha': 0.9966593708378061, 'bias_combine_ratio': 0.24451301778652548, 'max_weight': 0.7204148040096724, 'mape_window': 28, 'bias_window': 14, 'short_vol_window': 10}. Best is trial 57 with value: -999926.7168610989.
[I 2026-05-21 22:20:24,789] Trial 71 finished with value: -999926.716906249 and parameters: {'bias_alpha': 0.9951676841673698, 'bias_combine_ratio': 0.2275099133789397, 'max_weight': 0.7168956445555571, 'mape_window': 28, 'bias_window': 14, 'short_vol_window': 10}. Best is trial 57 with value: -999926.7168610989.
[I 2026-05-21 22:20:27,979] Trial 72 finished with value: -999926.7454903182 and parameters: {'bias_alpha': 0.9975355428259971, 'bias_combine_ratio': 0.2485421796453408, 'max_weight': 0.7198689054582043, 'mape_window': 28, 'bias_window': 16, 'short_vol_window': 10}. Best is trial 57 with value: -999926.7168610989.
[I 2026-05-21 22:20:31,188] Trial 73 finished with value: -999926.7169083791 and parameters: {'bias_alpha': 0.9949412151714733, 'bias_combine_ratio': 0.23933848925369478, 'max_weight': 0.7210066661308948, 'mape_window': 29, 'bias_window': 14, 'short_vol_window': 10}. Best is trial 57 with value: -999926.7168610989.
[I 2026-05-21 22:20:34,239] Trial 74 finished with value: -999926.721814483 and parameters: {'bias_alpha': 0.9961919437474294, 'bias_combine_ratio': 0.22882542621154991, 'max_weight': 0.7347272442387287, 'mape_window': 29, 'bias_window': 14, 'short_vol_window': 11}. Best is trial 57 with value: -999926.7168610989.
[I 2026-05-21 22:20:37,581] Trial 75 finished with value: -999926.7222638295 and parameters: {'bias_alpha': 0.9802473683731666, 'bias_combine_ratio': 0.2405572963928527, 'max_weight': 0.7272755826539138, 'mape_window': 29, 'bias_window': 15, 'short_vol_window': 10}. Best is trial 57 with value: -999926.7168610989.
[I 2026-05-21 22:20:41,110] Trial 76 finished with value: -999926.7226999992 and parameters: {'bias_alpha': 0.9879849439062838, 'bias_combine_ratio': 0.20661236401836677, 'max_weight': 0.7227429170989964, 'mape_window': 26, 'bias_window': 14, 'short_vol_window': 12}. Best is trial 57 with value: -999926.7168610989.
[I 2026-05-21 22:20:45,048] Trial 77 finished with value: -999926.7432652607 and parameters: {'bias_alpha': 0.9995812786531324, 'bias_combine_ratio': 0.22379796254658707, 'max_weight': 0.7753283091419306, 'mape_window': 28, 'bias_window': 16, 'short_vol_window': 10}. Best is trial 57 with value: -999926.7168610989.
[I 2026-05-21 22:20:48,322] Trial 78 finished with value: -999926.721808472 and parameters: {'bias_alpha': 0.9947316560250782, 'bias_combine_ratio': 0.25565720661936064, 'max_weight': 0.761944939373145, 'mape_window': 29, 'bias_window': 14, 'short_vol_window': 9}. Best is trial 57 with value: -999926.7168610989.
[I 2026-05-21 22:20:51,693] Trial 79 finished with value: -999926.7176162694 and parameters: {'bias_alpha': 0.9202554815179268, 'bias_combine_ratio': 0.23847120359660934, 'max_weight': 0.7135106580250483, 'mape_window': 27, 'bias_window': 15, 'short_vol_window': 12}. Best is trial 57 with value: -999926.7168610989.
[I 2026-05-21 22:20:55,018] Trial 80 finished with value: -999926.7170297033 and parameters: {'bias_alpha': 0.9820897759421013, 'bias_combine_ratio': 0.2617715230059039, 'max_weight': 0.7064711290002342, 'mape_window': 28, 'bias_window': 13, 'short_vol_window': 11}. Best is trial 57 with value: -999926.7168610989.
[I 2026-05-21 22:20:58,251] Trial 81 finished with value: -999926.7169581905 and parameters: {'bias_alpha': 0.9896606488488549, 'bias_combine_ratio': 0.2462219362008744, 'max_weight': 0.7195734921080307, 'mape_window': 30, 'bias_window': 14, 'short_vol_window': 10}. Best is trial 57 with value: -999926.7168610989.
[I 2026-05-21 22:21:01,469] Trial 82 finished with value: -999926.7169009049 and parameters: {'bias_alpha': 0.9957339604648593, 'bias_combine_ratio': 0.2702648773569866, 'max_weight': 0.717579202337359, 'mape_window': 31, 'bias_window': 14, 'short_vol_window': 10}. Best is trial 57 with value: -999926.7168610989.
[I 2026-05-21 22:21:04,724] Trial 83 finished with value: -999926.7218249176 and parameters: {'bias_alpha': 0.9953342801115632, 'bias_combine_ratio': 0.26998624826251605, 'max_weight': 0.7306590564292549, 'mape_window': 31, 'bias_window': 14, 'short_vol_window': 9}. Best is trial 57 with value: -999926.7168610989.
[I 2026-05-21 22:21:08,063] Trial 84 finished with value: -999926.7168607553 and parameters: {'bias_alpha': 0.9999936428731233, 'bias_combine_ratio': 0.21035965148953462, 'max_weight': 0.7140250425476365, 'mape_window': 32, 'bias_window': 13, 'short_vol_window': 10}. Best is trial 84 with value: -999926.7168607553.
[I 2026-05-21 22:21:12,096] Trial 85 finished with value: -999926.7178658849 and parameters: {'bias_alpha': 0.8940755460581157, 'bias_combine_ratio': 0.21469969656393756, 'max_weight': 0.7115284953733717, 'mape_window': 26, 'bias_window': 14, 'short_vol_window': 10}. Best is trial 84 with value: -999926.7168607553.
[I 2026-05-21 22:21:15,499] Trial 86 finished with value: -999926.7169816394 and parameters: {'bias_alpha': 0.9871734518872154, 'bias_combine_ratio': 0.2079911420868464, 'max_weight': 0.7066742621121018, 'mape_window': 30, 'bias_window': 15, 'short_vol_window': 9}. Best is trial 84 with value: -999926.7168607553.
[I 2026-05-21 22:21:18,991] Trial 87 finished with value: -999926.7305658918 and parameters: {'bias_alpha': 0.9999558940337117, 'bias_combine_ratio': 0.22156500840360788, 'max_weight': 0.7433460774273469, 'mape_window': 47, 'bias_window': 13, 'short_vol_window': 8}. Best is trial 84 with value: -999926.7168607553.
[I 2026-05-21 22:21:22,487] Trial 88 finished with value: -999926.7218120844 and parameters: {'bias_alpha': 0.996423247627628, 'bias_combine_ratio': 0.23609677558674277, 'max_weight': 0.7351708611871179, 'mape_window': 33, 'bias_window': 12, 'short_vol_window': 10}. Best is trial 84 with value: -999926.7168607553.
[I 2026-05-21 22:21:26,435] Trial 89 finished with value: -999926.7227254239 and parameters: {'bias_alpha': 0.9832005963226044, 'bias_combine_ratio': 0.2252677877112451, 'max_weight': 0.722898627455331, 'mape_window': 34, 'bias_window': 15, 'short_vol_window': 10}. Best is trial 84 with value: -999926.7168607553.
[I 2026-05-21 22:21:29,696] Trial 90 finished with value: -999926.716924191 and parameters: {'bias_alpha': 0.9932623963810716, 'bias_combine_ratio': 0.20021211582291454, 'max_weight': 0.7001395123126982, 'mape_window': 28, 'bias_window': 14, 'short_vol_window': 9}. Best is trial 84 with value: -999926.7168607553.
[I 2026-05-21 22:21:33,343] Trial 91 finished with value: -999926.7169744242 and parameters: {'bias_alpha': 0.9879384197826463, 'bias_combine_ratio': 0.20047685184395028, 'max_weight': 0.7002592604070087, 'mape_window': 25, 'bias_window': 14, 'short_vol_window': 9}. Best is trial 84 with value: -999926.7168607553.
[I 2026-05-21 22:21:36,996] Trial 92 finished with value: -999926.721792365 and parameters: {'bias_alpha': 0.9959583159542115, 'bias_combine_ratio': 0.20977154556381342, 'max_weight': 0.7872873400174873, 'mape_window': 27, 'bias_window': 13, 'short_vol_window': 9}. Best is trial 84 with value: -999926.7168607553.
[I 2026-05-21 22:21:40,405] Trial 93 finished with value: -999926.7169202269 and parameters: {'bias_alpha': 0.993685416115243, 'bias_combine_ratio': 0.22766629825013973, 'max_weight': 0.7056842932722298, 'mape_window': 28, 'bias_window': 14, 'short_vol_window': 10}. Best is trial 84 with value: -999926.7168607553.
[I 2026-05-21 22:21:43,544] Trial 94 finished with value: -999926.7168797452 and parameters: {'bias_alpha': 0.9979785470276663, 'bias_combine_ratio': 0.22854376222016348, 'max_weight': 0.7158910845833054, 'mape_window': 29, 'bias_window': 12, 'short_vol_window': 10}. Best is trial 84 with value: -999926.7168607553.
[I 2026-05-21 22:21:46,778] Trial 95 finished with value: -999926.716968527 and parameters: {'bias_alpha': 0.9885680746145309, 'bias_combine_ratio': 0.24248937684067803, 'max_weight': 0.7135986412541367, 'mape_window': 30, 'bias_window': 12, 'short_vol_window': 11}. Best is trial 84 with value: -999926.7168607553.
{"candidate_model_metrics_csv": "/home/hoky/Quants-agent/LuminaQuant/var/reports/profit_moonshot_20260501/current_tail_20260508/alpha_v2/alpha_zoo_new_alpha_inversion_10bps_optuna_20260521/candidate_model_metrics_latest.csv", "candidate_variant_inventory_csv": "/home/hoky/Quants-agent/LuminaQuant/var/reports/profit_moonshot_20260501/current_tail_20260508/alpha_v2/alpha_zoo_new_alpha_inversion_10bps_optuna_20260521/candidate_variant_inventory_latest.csv", "execution_cost_evidence_json": "/home/hoky/Quants-agent/LuminaQuant/var/reports/profit_moonshot_20260501/current_tail_20260508/alpha_v2/alpha_zoo_new_alpha_inversion_10bps_optuna_20260521/execution_cost_evidence_latest.json", "hybrid_weights_csv": "/home/hoky/Quants-agent/LuminaQuant/var/reports/profit_moonshot_20260501/current_tail_20260508/alpha_v2/alpha_zoo_new_alpha_inversion_10bps_optuna_20260521/hybrid_weights_latest.csv", "latest_json": "/home/hoky/Quants-agent/LuminaQuant/var/reports/profit_moonshot_20260501/current_tail_20260508/alpha_v2/alpha_zoo_new_alpha_inversion_10bps_optuna_20260521/alpha_zoo_10bps_full_retune_latest.json", "latest_markdown": "/home/hoky/Quants-agent/LuminaQuant/var/reports/profit_moonshot_20260501/current_tail_20260508/alpha_v2/alpha_zoo_new_alpha_inversion_10bps_optuna_20260521/alpha_zoo_10bps_full_retune_latest.md", "live_promotable_10bps_model_id": "fresh_tv10_filter_abs_score_ge_1p5_alpha_zoo_quality_single_pair_7p0x_0p2alloc", "low_correlation_discovery_csv": "/home/hoky/Quants-agent/LuminaQuant/var/reports/profit_moonshot_20260501/current_tail_20260508/alpha_v2/alpha_zoo_new_alpha_inversion_10bps_optuna_20260521/low_correlation_discovery_latest.csv", "low_correlation_discovery_json": "/home/hoky/Quants-agent/LuminaQuant/var/reports/profit_moonshot_20260501/current_tail_20260508/alpha_v2/alpha_zoo_new_alpha_inversion_10bps_optuna_20260521/low_correlation_discovery_latest.json", "model_count": 2585, "no_10bps_live_ready_model": false, "peak_rss_mib": 642.2890625, "timestamped_json": "/home/hoky/Quants-agent/LuminaQuant/var/reports/profit_moonshot_20260501/current_tail_20260508/alpha_v2/alpha_zoo_new_alpha_inversion_10bps_optuna_20260521/alpha_zoo_10bps_full_retune_20260521T132151Z.json", "timestamped_markdown": "/home/hoky/Quants-agent/LuminaQuant/var/reports/profit_moonshot_20260501/current_tail_20260508/alpha_v2/alpha_zoo_new_alpha_inversion_10bps_optuna_20260521/alpha_zoo_10bps_full_retune_20260521T132151Z.md", "tuned_seed_selection_csv": "/home/hoky/Quants-agent/LuminaQuant/var/reports/profit_moonshot_20260501/current_tail_20260508/alpha_v2/alpha_zoo_new_alpha_inversion_10bps_optuna_20260521/tuned_seed_selection_latest.csv", "tuned_seed_selection_json": "/home/hoky/Quants-agent/LuminaQuant/var/reports/profit_moonshot_20260501/current_tail_20260508/alpha_v2/alpha_zoo_new_alpha_inversion_10bps_optuna_20260521/tuned_seed_selection_latest.json"}
	Command being timed: "uv run --extra dev python scripts/research/run_alpha_zoo_10bps_full_retune.py --source-live-json var/reports/profit_moonshot_20260501/current_tail_20260508/alpha_v2/alpha_zoo_new_alpha_inversion_source_20260521/alpha_zoo_validation_march_high_leverage_latest.json --source-candidate-csv var/reports/profit_moonshot_20260501/current_tail_20260508/alpha_v2/alpha_zoo_new_alpha_inversion_source_20260521/alpha_zoo_validation_march_high_leverage_candidates_latest.csv --output-dir var/reports/profit_moonshot_20260501/current_tail_20260508/alpha_v2/alpha_zoo_new_alpha_inversion_10bps_optuna_20260521 --n-trials 96 --hybrid-seed-count 10 --trade-filter-top-n 1800 --min-trade-filter-trades 30 --fresh-candidate-limit 900 --sample-guarded-composite-grid"
	User time (seconds): 1240.62
	System time (seconds): 0.51
	Percent of CPU this job got: 100%
	Elapsed (wall clock) time (h:mm:ss or m:ss): 20:40.15
	Average shared text size (kbytes): 0
	Average unshared data size (kbytes): 0
	Average stack size (kbytes): 0
	Average total size (kbytes): 0
	Maximum resident set size (kbytes): 722708
	Average resident set size (kbytes): 0
	Major (requiring I/O) page faults: 0
	Minor (reclaiming a frame) page faults: 205349
	Voluntary context switches: 256
	Involuntary context switches: 2224
	Swaps: 0
	File system inputs: 0
	File system outputs: 121312
	Socket messages sent: 0
	Socket messages received: 0
	Signals delivered: 0
	Page size (bytes): 4096
	Exit status: 0
