[I 2026-05-19 18:45:45,503] Trial 57 finished with value: -1000001.3256852129 and parameters: {'bias_alpha': 0.9409286827328258, 'bias_combine_ratio': 0.21166816142279693, 'max_weight': 0.8577438693886416, 'mape_window': 35, 'bias_window': 16, 'short_vol_window': 6}. Best is trial 34 with value: -999993.9771787843.
[I 2026-05-19 18:45:50,353] Trial 58 finished with value: -1000006.2626499085 and parameters: {'bias_alpha': 0.924357672419072, 'bias_combine_ratio': 0.26809893151283787, 'max_weight': 0.8808051336464365, 'mape_window': 34, 'bias_window': 15, 'short_vol_window': 11}. Best is trial 34 with value: -999993.9771787843.
[I 2026-05-19 18:45:55,086] Trial 59 finished with value: -1000009.0520065647 and parameters: {'bias_alpha': 0.9102628722171916, 'bias_combine_ratio': 0.24638658646049671, 'max_weight': 0.8225452599465465, 'mape_window': 38, 'bias_window': 19, 'short_vol_window': 9}. Best is trial 34 with value: -999993.9771787843.
[I 2026-05-19 18:45:59,660] Trial 60 finished with value: -1000000.050201395 and parameters: {'bias_alpha': 0.9535217756316562, 'bias_combine_ratio': 0.25442179408200094, 'max_weight': 0.8045489952307591, 'mape_window': 32, 'bias_window': 13, 'short_vol_window': 8}. Best is trial 34 with value: -999993.9771787843.
[I 2026-05-19 18:46:04,354] Trial 61 finished with value: -999999.9228467322 and parameters: {'bias_alpha': 0.9178181287910117, 'bias_combine_ratio': 0.36180345329018954, 'max_weight': 0.8761290593431417, 'mape_window': 32, 'bias_window': 16, 'short_vol_window': 9}. Best is trial 34 with value: -999993.9771787843.
[I 2026-05-19 18:46:08,910] Trial 62 finished with value: -1000003.9568699922 and parameters: {'bias_alpha': 0.9022452298159301, 'bias_combine_ratio': 0.3381012203991904, 'max_weight': 0.8902276169847905, 'mape_window': 30, 'bias_window': 16, 'short_vol_window': 10}. Best is trial 34 with value: -999993.9771787843.
[I 2026-05-19 18:46:14,101] Trial 63 finished with value: -1000002.477136363 and parameters: {'bias_alpha': 0.919249239526761, 'bias_combine_ratio': 0.2419146640382726, 'max_weight': 0.8668330207430881, 'mape_window': 33, 'bias_window': 17, 'short_vol_window': 9}. Best is trial 34 with value: -999993.9771787843.
[I 2026-05-19 18:46:18,751] Trial 64 finished with value: -1000003.5444294596 and parameters: {'bias_alpha': 0.9698989793772178, 'bias_combine_ratio': 0.3163704079308421, 'max_weight': 0.8528196351482983, 'mape_window': 31, 'bias_window': 15, 'short_vol_window': 8}. Best is trial 34 with value: -999993.9771787843.
[I 2026-05-19 18:46:23,435] Trial 65 finished with value: -1000006.0190881365 and parameters: {'bias_alpha': 0.8778870402102641, 'bias_combine_ratio': 0.33097105658064363, 'max_weight': 0.879884060861844, 'mape_window': 34, 'bias_window': 15, 'short_vol_window': 10}. Best is trial 34 with value: -999993.9771787843.
[I 2026-05-19 18:46:28,101] Trial 66 finished with value: -1000010.6451319215 and parameters: {'bias_alpha': 0.8963466371249904, 'bias_combine_ratio': 0.34990843256246973, 'max_weight': 0.844235704304221, 'mape_window': 29, 'bias_window': 14, 'short_vol_window': 12}. Best is trial 34 with value: -999993.9771787843.
[I 2026-05-19 18:46:32,850] Trial 67 finished with value: -1000005.1719883166 and parameters: {'bias_alpha': 0.9275353865491627, 'bias_combine_ratio': 0.36635471373342016, 'max_weight': 0.8607005832881358, 'mape_window': 35, 'bias_window': 16, 'short_vol_window': 7}. Best is trial 34 with value: -999993.9771787843.
[I 2026-05-19 18:46:37,504] Trial 68 finished with value: -1000003.9225844928 and parameters: {'bias_alpha': 0.9383346971301512, 'bias_combine_ratio': 0.289951190490707, 'max_weight': 0.8722896181387509, 'mape_window': 32, 'bias_window': 17, 'short_vol_window': 9}. Best is trial 34 with value: -999993.9771787843.
[I 2026-05-19 18:46:41,412] Trial 69 finished with value: -999994.1928727134 and parameters: {'bias_alpha': 0.913771872493605, 'bias_combine_ratio': 0.22688768883624438, 'max_weight': 0.8542259340254, 'mape_window': 33, 'bias_window': 10, 'short_vol_window': 10}. Best is trial 34 with value: -999993.9771787843.
[I 2026-05-19 18:46:45,498] Trial 70 finished with value: -1000000.2993599131 and parameters: {'bias_alpha': 0.9132542197049568, 'bias_combine_ratio': 0.22119561288443582, 'max_weight': 0.8398446402163513, 'mape_window': 36, 'bias_window': 10, 'short_vol_window': 5}. Best is trial 34 with value: -999993.9771787843.
[I 2026-05-19 18:46:49,772] Trial 71 finished with value: -999994.734258053 and parameters: {'bias_alpha': 0.9046938390860121, 'bias_combine_ratio': 0.23703275315285544, 'max_weight': 0.8652161086625992, 'mape_window': 33, 'bias_window': 10, 'short_vol_window': 10}. Best is trial 34 with value: -999993.9771787843.
[I 2026-05-19 18:46:54,663] Trial 72 finished with value: -999998.1100191667 and parameters: {'bias_alpha': 0.8921690050787818, 'bias_combine_ratio': 0.2354958226836526, 'max_weight': 0.8537979535682968, 'mape_window': 33, 'bias_window': 10, 'short_vol_window': 11}. Best is trial 34 with value: -999993.9771787843.
[I 2026-05-19 18:46:59,160] Trial 73 finished with value: -999995.1370407316 and parameters: {'bias_alpha': 0.8900450901453411, 'bias_combine_ratio': 0.23176459127494678, 'max_weight': 0.8563595337405907, 'mape_window': 33, 'bias_window': 10, 'short_vol_window': 10}. Best is trial 34 with value: -999993.9771787843.
[I 2026-05-19 18:47:03,832] Trial 74 finished with value: -999997.5405847309 and parameters: {'bias_alpha': 0.8910422886001247, 'bias_combine_ratio': 0.20731669006771988, 'max_weight': 0.7894239002263895, 'mape_window': 33, 'bias_window': 10, 'short_vol_window': 11}. Best is trial 34 with value: -999993.9771787843.
[I 2026-05-19 18:47:08,201] Trial 75 finished with value: -1000003.1296586018 and parameters: {'bias_alpha': 0.8880637352177018, 'bias_combine_ratio': 0.20603243579273645, 'max_weight': 0.8548514619683641, 'mape_window': 30, 'bias_window': 10, 'short_vol_window': 11}. Best is trial 34 with value: -999993.9771787843.
[I 2026-05-19 18:47:13,017] Trial 76 finished with value: -1000006.748453756 and parameters: {'bias_alpha': 0.8716329247926816, 'bias_combine_ratio': 0.22804948118467083, 'max_weight': 0.8663984833647884, 'mape_window': 37, 'bias_window': 11, 'short_vol_window': 11}. Best is trial 34 with value: -999993.9771787843.
[I 2026-05-19 18:47:17,737] Trial 77 finished with value: -1000000.6356804008 and parameters: {'bias_alpha': 0.8626792328717211, 'bias_combine_ratio': 0.2401286415396517, 'max_weight': 0.7889402935097286, 'mape_window': 33, 'bias_window': 11, 'short_vol_window': 10}. Best is trial 34 with value: -999993.9771787843.
[I 2026-05-19 18:47:46,456] Trial 78 finished with value: -1000002.5360376114 and parameters: {'bias_alpha': 0.8911936221643577, 'bias_combine_ratio': 0.21808284991689555, 'max_weight': 0.7737214285648888, 'mape_window': 31, 'bias_window': 10, 'short_vol_window': 12}. Best is trial 34 with value: -999993.9771787843.
[I 2026-05-19 18:47:26,819] Trial 79 finished with value: -999998.3124964783 and parameters: {'bias_alpha': 0.8811819253821677, 'bias_combine_ratio': 0.20758477753948582, 'max_weight': 0.7526190952461297, 'mape_window': 32, 'bias_window': 10, 'short_vol_window': 11}. Best is trial 34 with value: -999993.9771787843.
[I 2026-05-19 18:47:35,897] A new study created in memory with name: no-name-82928ddb-0934-4034-98ad-9c965ab7f1bc
[I 2026-05-19 18:47:40,357] Trial 0 finished with value: -999974.4995991489 and parameters: {'bias_alpha': 1.0, 'bias_combine_ratio': 0.25, 'max_weight': 0.78, 'mape_window': 44, 'bias_window': 15, 'short_vol_window': 7}. Best is trial 0 with value: -999974.4995991489.
[I 2026-05-19 18:47:44,899] Trial 1 finished with value: -999977.1632063588 and parameters: {'bias_alpha': 0.9061810178271044, 'bias_combine_ratio': 0.43767857660247905, 'max_weight': 0.846398788362281, 'mape_window': 40, 'bias_window': 11, 'short_vol_window': 6}. Best is trial 0 with value: -999974.4995991489.
[I 2026-05-19 18:47:49,655] Trial 2 finished with value: -999981.5310569815 and parameters: {'bias_alpha': 0.8587125418252299, 'bias_combine_ratio': 0.41654403644373383, 'max_weight': 0.8202230023486418, 'mape_window': 43, 'bias_window': 10, 'short_vol_window': 15}. Best is trial 0 with value: -999974.4995991489.
[I 2026-05-19 18:47:54,057] Trial 3 finished with value: -999974.6662318149 and parameters: {'bias_alpha': 0.9748663961200632, 'bias_combine_ratio': 0.25308477766956905, 'max_weight': 0.73636499344142, 'mape_window': 29, 'bias_window': 13, 'short_vol_window': 10}. Best is trial 0 with value: -999974.4995991489.
[I 2026-05-19 18:47:58,451] Trial 4 finished with value: -999975.596091248 and parameters: {'bias_alpha': 0.9147917527963173, 'bias_combine_ratio': 0.27280728504951046, 'max_weight': 0.8223705789444758, 'mape_window': 28, 'bias_window': 13, 'short_vol_window': 9}. Best is trial 0 with value: -999974.4995991489.
[I 2026-05-19 18:48:03,076] Trial 5 finished with value: -999977.2262472148 and parameters: {'bias_alpha': 0.9184104976325553, 'bias_combine_ratio': 0.3962939903482534, 'max_weight': 0.739934756431672, 'mape_window': 38, 'bias_window': 16, 'short_vol_window': 5}. Best is trial 0 with value: -999974.4995991489.
[I 2026-05-19 18:48:07,803] Trial 6 finished with value: -999988.877781314 and parameters: {'bias_alpha': 0.9411317277852157, 'bias_combine_ratio': 0.2426310309218229, 'max_weight': 0.7130103185970559, 'mape_window': 49, 'bias_window': 20, 'short_vol_window': 13}. Best is trial 0 with value: -999974.4995991489.
[I 2026-05-19 18:48:36,424] Trial 7 finished with value: -999974.199607442 and parameters: {'bias_alpha': 0.8956920653760055, 'bias_combine_ratio': 0.22441802850159598, 'max_weight': 0.8368466053024314, 'mape_window': 36, 'bias_window': 11, 'short_vol_window': 10}. Best is trial 7 with value: -999974.199607442.
[I 2026-05-19 18:48:16,791] Trial 8 finished with value: -999984.0577576315 and parameters: {'bias_alpha': 0.8551582781672827, 'bias_combine_ratio': 0.42733010051969555, 'max_weight': 0.7517559963200033, 'mape_window': 42, 'bias_window': 13, 'short_vol_window': 10}. Best is trial 7 with value: -999974.199607442.
[I 2026-05-19 18:48:21,348] Trial 9 finished with value: -999989.5686462711 and parameters: {'bias_alpha': 0.9320065419014919, 'bias_combine_ratio': 0.24621361388138177, 'max_weight': 0.8939169255529118, 'mape_window': 45, 'bias_window': 20, 'short_vol_window': 14}. Best is trial 7 with value: -999974.199607442.
[I 2026-05-19 18:48:25,395] Trial 10 finished with value: -999983.2652157687 and parameters: {'bias_alpha': 0.8868883008628785, 'bias_combine_ratio': 0.2014992957389543, 'max_weight': 0.8806192480518051, 'mape_window': 34, 'bias_window': 17, 'short_vol_window': 12}. Best is trial 7 with value: -999974.199607442.
[I 2026-05-19 18:48:29,352] Trial 11 finished with value: -999983.9027904121 and parameters: {'bias_alpha': 0.9959484710526667, 'bias_combine_ratio': 0.32063272258238096, 'max_weight': 0.780734682226324, 'mape_window': 34, 'bias_window': 18, 'short_vol_window': 7}. Best is trial 7 with value: -999974.199607442.
[I 2026-05-19 18:48:33,366] Trial 12 finished with value: -999977.6939209576 and parameters: {'bias_alpha': 0.9654283885134199, 'bias_combine_ratio': 0.3085890679391028, 'max_weight': 0.7867681143126862, 'mape_window': 49, 'bias_window': 15, 'short_vol_window': 8}. Best is trial 7 with value: -999974.199607442.
[I 2026-05-19 18:48:38,174] Trial 13 finished with value: -999977.1780834667 and parameters: {'bias_alpha': 0.8855825948542232, 'bias_combine_ratio': 0.2012074410823084, 'max_weight': 0.8571194640872477, 'mape_window': 34, 'bias_window': 12, 'short_vol_window': 11}. Best is trial 7 with value: -999974.199607442.
[I 2026-05-19 18:48:42,789] Trial 14 finished with value: -999979.6598449434 and parameters: {'bias_alpha': 0.955174389309064, 'bias_combine_ratio': 0.3684490497093347, 'max_weight': 0.8063394811426425, 'mape_window': 46, 'bias_window': 15, 'short_vol_window': 8}. Best is trial 7 with value: -999974.199607442.
[I 2026-05-19 18:48:47,229] Trial 15 finished with value: -999975.2326108933 and parameters: {'bias_alpha': 0.9999043657962328, 'bias_combine_ratio': 0.28040646666348856, 'max_weight': 0.7693855238008663, 'mape_window': 37, 'bias_window': 14, 'short_vol_window': 5}. Best is trial 7 with value: -999974.199607442.
[I 2026-05-19 18:48:51,527] Trial 16 finished with value: -999971.8296464505 and parameters: {'bias_alpha': 0.890455913925706, 'bias_combine_ratio': 0.2261105827749789, 'max_weight': 0.8469679096323045, 'mape_window': 25, 'bias_window': 10, 'short_vol_window': 7}. Best is trial 16 with value: -999971.8296464505.
[I 2026-05-19 18:48:55,976] Trial 17 finished with value: -999974.0179589882 and parameters: {'bias_alpha': 0.8939338774754437, 'bias_combine_ratio': 0.35490744810024466, 'max_weight': 0.8544739191656281, 'mape_window': 25, 'bias_window': 10, 'short_vol_window': 8}. Best is trial 16 with value: -999971.8296464505.
[I 2026-05-19 18:49:00,359] Trial 18 finished with value: -999975.2420515806 and parameters: {'bias_alpha': 0.869173648642396, 'bias_combine_ratio': 0.35503891916685376, 'max_weight': 0.8665386469192471, 'mape_window': 26, 'bias_window': 10, 'short_vol_window': 8}. Best is trial 16 with value: -999971.8296464505.
[I 2026-05-19 18:49:04,726] Trial 19 finished with value: -999976.2180840643 and parameters: {'bias_alpha': 0.8802722617548181, 'bias_combine_ratio': 0.352714391735482, 'max_weight': 0.8728078541625827, 'mape_window': 25, 'bias_window': 11, 'short_vol_window': 6}. Best is trial 16 with value: -999971.8296464505.
[I 2026-05-19 18:49:09,211] Trial 20 finished with value: -999973.365195109 and parameters: {'bias_alpha': 0.8988545054570727, 'bias_combine_ratio': 0.2971922986965966, 'max_weight': 0.8333071278615438, 'mape_window': 30, 'bias_window': 10, 'short_vol_window': 9}. Best is trial 16 with value: -999971.8296464505.
[I 2026-05-19 18:49:13,894] Trial 21 finished with value: -999973.0371074356 and parameters: {'bias_alpha': 0.9046245528588023, 'bias_combine_ratio': 0.2943596672259619, 'max_weight': 0.8360427414762642, 'mape_window': 30, 'bias_window': 10, 'short_vol_window': 9}. Best is trial 16 with value: -999971.8296464505.
[I 2026-05-19 18:49:18,280] Trial 22 finished with value: -999975.4245276107 and parameters: {'bias_alpha': 0.9052648894265561, 'bias_combine_ratio': 0.2911936405072334, 'max_weight': 0.8299419268875287, 'mape_window': 31, 'bias_window': 12, 'short_vol_window': 9}. Best is trial 16 with value: -999971.8296464505.
[I 2026-05-19 18:49:22,656] Trial 23 finished with value: -999974.5637309077 and parameters: {'bias_alpha': 0.8715478743211251, 'bias_combine_ratio': 0.30412379814062945, 'max_weight': 0.8147222437176243, 'mape_window': 31, 'bias_window': 10, 'short_vol_window': 9}. Best is trial 16 with value: -999971.8296464505.
[I 2026-05-19 18:49:27,053] Trial 24 finished with value: -999978.4893254814 and parameters: {'bias_alpha': 0.9305308849138652, 'bias_combine_ratio': 0.32989027743382215, 'max_weight': 0.8412119044393508, 'mape_window': 28, 'bias_window': 12, 'short_vol_window': 11}. Best is trial 16 with value: -999971.8296464505.
[I 2026-05-19 18:49:31,476] Trial 25 finished with value: -999973.0826815071 and parameters: {'bias_alpha': 0.9047201288241814, 'bias_combine_ratio': 0.275912157150405, 'max_weight': 0.7980705169992738, 'mape_window': 31, 'bias_window': 11, 'short_vol_window': 7}. Best is trial 16 with value: -999971.8296464505.
[I 2026-05-19 18:49:35,883] Trial 26 finished with value: -999972.4845746701 and parameters: {'bias_alpha': 0.9129936376947708, 'bias_combine_ratio': 0.269490031211578, 'max_weight': 0.796079523682143, 'mape_window': 32, 'bias_window': 11, 'short_vol_window': 7}. Best is trial 16 with value: -999971.8296464505.
[I 2026-05-19 18:49:40,263] Trial 27 finished with value: -999973.0505732755 and parameters: {'bias_alpha': 0.9416993618389102, 'bias_combine_ratio': 0.26432923560981575, 'max_weight': 0.7979478252370722, 'mape_window': 27, 'bias_window': 12, 'short_vol_window': 6}. Best is trial 16 with value: -999971.8296464505.
[I 2026-05-19 18:49:44,789] Trial 28 finished with value: -999970.9924571161 and parameters: {'bias_alpha': 0.9170160594124673, 'bias_combine_ratio': 0.22494116378968515, 'max_weight': 0.8997366762933509, 'mape_window': 33, 'bias_window': 11, 'short_vol_window': 7}. Best is trial 28 with value: -999970.9924571161.
[I 2026-05-19 18:49:49,264] Trial 29 finished with value: -999975.8968352288 and parameters: {'bias_alpha': 0.9198136749138434, 'bias_combine_ratio': 0.2252482826675995, 'max_weight': 0.8940759609803611, 'mape_window': 32, 'bias_window': 14, 'short_vol_window': 7}. Best is trial 28 with value: -999970.9924571161.
[I 2026-05-19 18:49:53,751] Trial 30 finished with value: -999969.6720707039 and parameters: {'bias_alpha': 0.9417821706863141, 'bias_combine_ratio': 0.22485437590791676, 'max_weight': 0.8997108865247946, 'mape_window': 33, 'bias_window': 11, 'short_vol_window': 5}. Best is trial 30 with value: -999969.6720707039.
[I 2026-05-19 18:49:58,283] Trial 31 finished with value: -999969.9350711701 and parameters: {'bias_alpha': 0.934678533054282, 'bias_combine_ratio': 0.22397844701950234, 'max_weight': 0.8836690674765413, 'mape_window': 33, 'bias_window': 11, 'short_vol_window': 5}. Best is trial 30 with value: -999969.6720707039.
[I 2026-05-19 18:50:02,817] Trial 32 finished with value: -999969.3513435286 and parameters: {'bias_alpha': 0.9477680149165941, 'bias_combine_ratio': 0.22766112150717718, 'max_weight': 0.8986934457310518, 'mape_window': 39, 'bias_window': 11, 'short_vol_window': 5}. Best is trial 32 with value: -999969.3513435286.
[I 2026-05-19 18:50:07,408] Trial 33 finished with value: -999970.037267841 and parameters: {'bias_alpha': 0.9510088588511756, 'bias_combine_ratio': 0.21341087617761628, 'max_weight': 0.8999666735700901, 'mape_window': 36, 'bias_window': 12, 'short_vol_window': 5}. Best is trial 32 with value: -999969.3513435286.
[I 2026-05-19 18:50:12,209] Trial 34 finished with value: -999971.7417418686 and parameters: {'bias_alpha': 0.9528220698438555, 'bias_combine_ratio': 0.21252723392667977, 'max_weight': 0.8789926196007595, 'mape_window': 40, 'bias_window': 13, 'short_vol_window': 5}. Best is trial 32 with value: -999969.3513435286.
[I 2026-05-19 18:50:16,740] Trial 35 finished with value: -999969.1446681685 and parameters: {'bias_alpha': 0.9807526830264511, 'bias_combine_ratio': 0.23986352818886986, 'max_weight': 0.8865467166138489, 'mape_window': 39, 'bias_window': 12, 'short_vol_window': 5}. Best is trial 35 with value: -999969.1446681685.
[I 2026-05-19 18:50:21,560] Trial 36 finished with value: -999973.6037757494 and parameters: {'bias_alpha': 0.9828028252079845, 'bias_combine_ratio': 0.2395599069433038, 'max_weight': 0.8848216817250826, 'mape_window': 40, 'bias_window': 14, 'short_vol_window': 6}. Best is trial 35 with value: -999969.1446681685.
[I 2026-05-19 18:50:25,762] Trial 37 finished with value: -999971.689057446 and parameters: {'bias_alpha': 0.9672777938361501, 'bias_combine_ratio': 0.2566199669124679, 'max_weight': 0.8615968938827934, 'mape_window': 39, 'bias_window': 13, 'short_vol_window': 6}. Best is trial 35 with value: -999969.1446681685.
[I 2026-05-19 18:50:29,761] Trial 38 finished with value: 31.131047602474535 and parameters: {'bias_alpha': 0.9853047251706801, 'bias_combine_ratio': 0.2423255931462861, 'max_weight': 0.8857810444762804, 'mape_window': 42, 'bias_window': 12, 'short_vol_window': 5}. Best is trial 38 with value: 31.131047602474535.
[I 2026-05-19 18:50:33,658] Trial 39 finished with value: 30.277768088614824 and parameters: {'bias_alpha': 0.9813420238753257, 'bias_combine_ratio': 0.2370815466199101, 'max_weight': 0.8743449159502978, 'mape_window': 42, 'bias_window': 12, 'short_vol_window': 6}. Best is trial 38 with value: 31.131047602474535.
[I 2026-05-19 18:50:38,309] Trial 40 finished with value: -999973.5866909822 and parameters: {'bias_alpha': 0.9860779995691521, 'bias_combine_ratio': 0.24036250317645277, 'max_weight': 0.8720591840359299, 'mape_window': 43, 'bias_window': 14, 'short_vol_window': 6}. Best is trial 38 with value: 31.131047602474535.
[I 2026-05-19 18:50:43,003] Trial 41 finished with value: -999969.5559494301 and parameters: {'bias_alpha': 0.9785364293395286, 'bias_combine_ratio': 0.2543232815557541, 'max_weight': 0.887152312086236, 'mape_window': 42, 'bias_window': 12, 'short_vol_window': 5}. Best is trial 38 with value: 31.131047602474535.
[I 2026-05-19 18:51:11,770] Trial 42 finished with value: -999969.6986064159 and parameters: {'bias_alpha': 0.9769607914161292, 'bias_combine_ratio': 0.25653647065803215, 'max_weight': 0.8880873159324848, 'mape_window': 42, 'bias_window': 12, 'short_vol_window': 5}. Best is trial 38 with value: 31.131047602474535.
[I 2026-05-19 18:50:52,199] Trial 43 finished with value: 29.39278072532847 and parameters: {'bias_alpha': 0.9878963577336795, 'bias_combine_ratio': 0.2374420025382603, 'max_weight': 0.8742441925319703, 'mape_window': 41, 'bias_window': 13, 'short_vol_window': 5}. Best is trial 38 with value: 31.131047602474535.
[I 2026-05-19 18:50:56,758] Trial 44 finished with value: 30.11517898078225 and parameters: {'bias_alpha': 0.9921672936836481, 'bias_combine_ratio': 0.24017235177289278, 'max_weight': 0.8655066233307315, 'mape_window': 46, 'bias_window': 13, 'short_vol_window': 6}. Best is trial 38 with value: 31.131047602474535.
[I 2026-05-19 18:51:01,363] Trial 45 finished with value: 30.06154796918195 and parameters: {'bias_alpha': 0.9916187220353802, 'bias_combine_ratio': 0.24208533293679124, 'max_weight': 0.8670987678086782, 'mape_window': 47, 'bias_window': 13, 'short_vol_window': 6}. Best is trial 38 with value: 31.131047602474535.
