[I 2026-05-19 18:40:25,555] Trial 68 finished with value: -999976.3375104086 and parameters: {'bias_alpha': 0.9362610731014387, 'bias_combine_ratio': 0.20490412664915644, 'max_weight': 0.7960860289286447, 'mape_window': 42, 'bias_window': 10, 'short_vol_window': 14}. Best is trial 66 with value: -999975.1159706266.
[I 2026-05-19 18:40:29,950] Trial 69 finished with value: -999979.4571480755 and parameters: {'bias_alpha': 0.9059925230948239, 'bias_combine_ratio': 0.21587034160757726, 'max_weight': 0.8039250178583514, 'mape_window': 46, 'bias_window': 11, 'short_vol_window': 9}. Best is trial 66 with value: -999975.1159706266.
[I 2026-05-19 18:40:34,280] Trial 70 finished with value: -999984.975659562 and parameters: {'bias_alpha': 0.928980328086324, 'bias_combine_ratio': 0.24265653447828195, 'max_weight': 0.7798339782072667, 'mape_window': 36, 'bias_window': 12, 'short_vol_window': 11}. Best is trial 66 with value: -999975.1159706266.
[I 2026-05-19 18:40:38,804] Trial 71 finished with value: -999975.2287902598 and parameters: {'bias_alpha': 0.934411271445245, 'bias_combine_ratio': 0.225386777651662, 'max_weight': 0.7213883356926795, 'mape_window': 39, 'bias_window': 10, 'short_vol_window': 9}. Best is trial 66 with value: -999975.1159706266.
[I 2026-05-19 18:40:43,276] Trial 72 finished with value: -999975.0476033121 and parameters: {'bias_alpha': 0.9461005224169438, 'bias_combine_ratio': 0.2242153171123689, 'max_weight': 0.7312292904005211, 'mape_window': 40, 'bias_window': 10, 'short_vol_window': 9}. Best is trial 72 with value: -999975.0476033121.
[I 2026-05-19 18:40:47,881] Trial 73 finished with value: -999974.8565388718 and parameters: {'bias_alpha': 0.9395429155792907, 'bias_combine_ratio': 0.2287769897739794, 'max_weight': 0.7053872997836785, 'mape_window': 42, 'bias_window': 10, 'short_vol_window': 9}. Best is trial 73 with value: -999974.8565388718.
[I 2026-05-19 18:40:52,429] Trial 74 finished with value: -999975.1704772756 and parameters: {'bias_alpha': 0.9473453408403716, 'bias_combine_ratio': 0.22513849236025774, 'max_weight': 0.7236510859019406, 'mape_window': 43, 'bias_window': 10, 'short_vol_window': 9}. Best is trial 73 with value: -999974.8565388718.
[I 2026-05-19 18:40:57,122] Trial 75 finished with value: -999975.1259763723 and parameters: {'bias_alpha': 0.9480790481113504, 'bias_combine_ratio': 0.2262280237819825, 'max_weight': 0.7169725649774967, 'mape_window': 43, 'bias_window': 10, 'short_vol_window': 9}. Best is trial 73 with value: -999974.8565388718.
[I 2026-05-19 18:41:25,861] Trial 76 finished with value: -999984.8111773867 and parameters: {'bias_alpha': 0.9435670798686804, 'bias_combine_ratio': 0.40527300771441904, 'max_weight': 0.7203965506763231, 'mape_window': 43, 'bias_window': 11, 'short_vol_window': 9}. Best is trial 73 with value: -999974.8565388718.
[I 2026-05-19 18:41:06,403] Trial 77 finished with value: -999974.5354669604 and parameters: {'bias_alpha': 0.94938780645383, 'bias_combine_ratio': 0.22756663123959156, 'max_weight': 0.7002554058811249, 'mape_window': 42, 'bias_window': 10, 'short_vol_window': 9}. Best is trial 77 with value: -999974.5354669604.
[I 2026-05-19 18:41:11,103] Trial 78 finished with value: -999978.9614939179 and parameters: {'bias_alpha': 0.9470316241677683, 'bias_combine_ratio': 0.2285303926234407, 'max_weight': 0.7004314216930743, 'mape_window': 42, 'bias_window': 11, 'short_vol_window': 9}. Best is trial 77 with value: -999974.5354669604.
[I 2026-05-19 18:41:15,630] Trial 79 finished with value: -999974.828716548 and parameters: {'bias_alpha': 0.9482844648724563, 'bias_combine_ratio': 0.20667204115658916, 'max_weight': 0.7310018670628747, 'mape_window': 44, 'bias_window': 10, 'short_vol_window': 10}. Best is trial 77 with value: -999974.5354669604.
[I 2026-05-19 18:41:20,345] A new study created in memory with name: no-name-58734e0b-32c8-4d22-b5cf-bc6431eb002d
[I 2026-05-19 18:41:24,815] Trial 0 finished with value: -1000008.1293411602 and parameters: {'bias_alpha': 1.0, 'bias_combine_ratio': 0.25, 'max_weight': 0.78, 'mape_window': 44, 'bias_window': 15, 'short_vol_window': 7}. Best is trial 0 with value: -1000008.1293411602.
[I 2026-05-19 18:41:29,465] Trial 1 finished with value: -1000006.9295102183 and parameters: {'bias_alpha': 0.9061810178271044, 'bias_combine_ratio': 0.43767857660247905, 'max_weight': 0.846398788362281, 'mape_window': 40, 'bias_window': 11, 'short_vol_window': 6}. Best is trial 1 with value: -1000006.9295102183.
[I 2026-05-19 18:41:34,151] Trial 2 finished with value: -1000014.1364637454 and parameters: {'bias_alpha': 0.8587125418252299, 'bias_combine_ratio': 0.41654403644373383, 'max_weight': 0.8202230023486418, 'mape_window': 43, 'bias_window': 10, 'short_vol_window': 15}. Best is trial 1 with value: -1000006.9295102183.
[I 2026-05-19 18:41:38,080] Trial 3 finished with value: -1000006.2080746816 and parameters: {'bias_alpha': 0.9748663961200632, 'bias_combine_ratio': 0.25308477766956905, 'max_weight': 0.73636499344142, 'mape_window': 29, 'bias_window': 13, 'short_vol_window': 10}. Best is trial 3 with value: -1000006.2080746816.
[I 2026-05-19 18:41:42,305] Trial 4 finished with value: -1000009.9165903861 and parameters: {'bias_alpha': 0.9147917527963173, 'bias_combine_ratio': 0.27280728504951046, 'max_weight': 0.8223705789444758, 'mape_window': 28, 'bias_window': 13, 'short_vol_window': 9}. Best is trial 3 with value: -1000006.2080746816.
[I 2026-05-19 18:41:46,574] Trial 5 finished with value: -1000008.0107590335 and parameters: {'bias_alpha': 0.9184104976325553, 'bias_combine_ratio': 0.3962939903482534, 'max_weight': 0.739934756431672, 'mape_window': 38, 'bias_window': 16, 'short_vol_window': 5}. Best is trial 3 with value: -1000006.2080746816.
[I 2026-05-19 18:42:15,822] Trial 6 finished with value: -1000009.5966963238 and parameters: {'bias_alpha': 0.9411317277852157, 'bias_combine_ratio': 0.2426310309218229, 'max_weight': 0.7130103185970559, 'mape_window': 49, 'bias_window': 20, 'short_vol_window': 13}. Best is trial 3 with value: -1000006.2080746816.
[I 2026-05-19 18:41:56,250] Trial 7 finished with value: -1000003.8310482822 and parameters: {'bias_alpha': 0.8956920653760055, 'bias_combine_ratio': 0.22441802850159598, 'max_weight': 0.8368466053024314, 'mape_window': 36, 'bias_window': 11, 'short_vol_window': 10}. Best is trial 7 with value: -1000003.8310482822.
[I 2026-05-19 18:42:00,739] Trial 8 finished with value: -1000011.13572204 and parameters: {'bias_alpha': 0.8551582781672827, 'bias_combine_ratio': 0.42733010051969555, 'max_weight': 0.7517559963200033, 'mape_window': 42, 'bias_window': 13, 'short_vol_window': 10}. Best is trial 7 with value: -1000003.8310482822.
[I 2026-05-19 18:42:05,382] Trial 9 finished with value: -1000012.4017361389 and parameters: {'bias_alpha': 0.9320065419014919, 'bias_combine_ratio': 0.24621361388138177, 'max_weight': 0.8939169255529118, 'mape_window': 45, 'bias_window': 20, 'short_vol_window': 14}. Best is trial 7 with value: -1000003.8310482822.
[I 2026-05-19 18:42:10,056] Trial 10 finished with value: -1000009.4468140831 and parameters: {'bias_alpha': 0.8868883008628785, 'bias_combine_ratio': 0.2014992957389543, 'max_weight': 0.8806192480518051, 'mape_window': 34, 'bias_window': 17, 'short_vol_window': 12}. Best is trial 7 with value: -1000003.8310482822.
[I 2026-05-19 18:42:14,609] Trial 11 finished with value: -1000004.787512971 and parameters: {'bias_alpha': 0.972877220194702, 'bias_combine_ratio': 0.32063272258238096, 'max_weight': 0.780734682226324, 'mape_window': 31, 'bias_window': 12, 'short_vol_window': 8}. Best is trial 7 with value: -1000003.8310482822.
[I 2026-05-19 18:42:19,299] Trial 12 finished with value: -999999.6116494085 and parameters: {'bias_alpha': 0.9560002781399654, 'bias_combine_ratio': 0.33633308590549477, 'max_weight': 0.7932147476285052, 'mape_window': 33, 'bias_window': 11, 'short_vol_window': 8}. Best is trial 12 with value: -999999.6116494085.
[I 2026-05-19 18:42:23,902] Trial 13 finished with value: -999998.641595221 and parameters: {'bias_alpha': 0.9579023782481203, 'bias_combine_ratio': 0.3599083793863287, 'max_weight': 0.8526327044139536, 'mape_window': 33, 'bias_window': 10, 'short_vol_window': 11}. Best is trial 13 with value: -999998.641595221.
[I 2026-05-19 18:42:28,299] Trial 14 finished with value: -1000009.9758890531 and parameters: {'bias_alpha': 0.955174389309064, 'bias_combine_ratio': 0.3557178882234031, 'max_weight': 0.8624142239574994, 'mape_window': 25, 'bias_window': 10, 'short_vol_window': 12}. Best is trial 13 with value: -999998.641595221.
[I 2026-05-19 18:42:32,177] Trial 15 finished with value: -1000001.3977832409 and parameters: {'bias_alpha': 0.9596366953455124, 'bias_combine_ratio': 0.3321987508942904, 'max_weight': 0.7954499577608913, 'mape_window': 33, 'bias_window': 15, 'short_vol_window': 8}. Best is trial 13 with value: -999998.641595221.
[I 2026-05-19 18:42:36,241] Trial 16 finished with value: -1000011.6536685126 and parameters: {'bias_alpha': 0.9962606290611911, 'bias_combine_ratio': 0.3778135732095436, 'max_weight': 0.8096763320157908, 'mape_window': 36, 'bias_window': 18, 'short_vol_window': 11}. Best is trial 13 with value: -999998.641595221.
[I 2026-05-19 18:42:40,672] Trial 17 finished with value: -1000009.381825795 and parameters: {'bias_alpha': 0.9470084960629652, 'bias_combine_ratio': 0.2999951748459287, 'max_weight': 0.8640944506373385, 'mape_window': 26, 'bias_window': 12, 'short_vol_window': 8}. Best is trial 13 with value: -999998.641595221.
[I 2026-05-19 18:42:45,344] Trial 18 finished with value: -1000002.3168608968 and parameters: {'bias_alpha': 0.9716081729711774, 'bias_combine_ratio': 0.3601069646191561, 'max_weight': 0.7697060012624568, 'mape_window': 32, 'bias_window': 10, 'short_vol_window': 12}. Best is trial 13 with value: -999998.641595221.
[I 2026-05-19 18:42:49,966] Trial 19 finished with value: -1000003.0819774914 and parameters: {'bias_alpha': 0.9862841561334748, 'bias_combine_ratio': 0.30272707432437074, 'max_weight': 0.7969431546648018, 'mape_window': 30, 'bias_window': 14, 'short_vol_window': 6}. Best is trial 13 with value: -999998.641595221.
[I 2026-05-19 18:42:54,655] Trial 20 finished with value: -1000005.3422891647 and parameters: {'bias_alpha': 0.9329324026171483, 'bias_combine_ratio': 0.33990397327419586, 'max_weight': 0.8398314119809003, 'mape_window': 35, 'bias_window': 11, 'short_vol_window': 9}. Best is trial 13 with value: -999998.641595221.
[I 2026-05-19 18:42:59,234] Trial 21 finished with value: -1000005.8473410163 and parameters: {'bias_alpha': 0.9599409029713926, 'bias_combine_ratio': 0.325323558396254, 'max_weight': 0.7997934423018768, 'mape_window': 33, 'bias_window': 18, 'short_vol_window': 8}. Best is trial 13 with value: -999998.641595221.
[I 2026-05-19 18:43:03,764] Trial 22 finished with value: -1000008.5549528729 and parameters: {'bias_alpha': 0.9594854260855881, 'bias_combine_ratio': 0.38927115828942177, 'max_weight': 0.7621237595364029, 'mape_window': 39, 'bias_window': 15, 'short_vol_window': 7}. Best is trial 13 with value: -999998.641595221.
[I 2026-05-19 18:43:08,273] Trial 23 finished with value: -1000003.7348474637 and parameters: {'bias_alpha': 0.9479327003958831, 'bias_combine_ratio': 0.35542240098641176, 'max_weight': 0.7854802507512382, 'mape_window': 32, 'bias_window': 12, 'short_vol_window': 9}. Best is trial 13 with value: -999998.641595221.
[I 2026-05-19 18:43:12,821] Trial 24 finished with value: -1000010.5742729275 and parameters: {'bias_alpha': 0.9809600948586655, 'bias_combine_ratio': 0.30255510564732746, 'max_weight': 0.810011166565831, 'mape_window': 28, 'bias_window': 14, 'short_vol_window': 11}. Best is trial 13 with value: -999998.641595221.
[I 2026-05-19 18:43:17,385] Trial 25 finished with value: -1000001.0072733967 and parameters: {'bias_alpha': 0.9649176317696536, 'bias_combine_ratio': 0.2792384134438386, 'max_weight': 0.8287290126932001, 'mape_window': 34, 'bias_window': 11, 'short_vol_window': 7}. Best is trial 13 with value: -999998.641595221.
[I 2026-05-19 18:43:22,138] Trial 26 finished with value: -1000003.710716884 and parameters: {'bias_alpha': 0.965880566525855, 'bias_combine_ratio': 0.28341712028285276, 'max_weight': 0.857450376698392, 'mape_window': 40, 'bias_window': 11, 'short_vol_window': 5}. Best is trial 13 with value: -999998.641595221.
[I 2026-05-19 18:43:26,735] Trial 27 finished with value: -1000002.1722260308 and parameters: {'bias_alpha': 0.987816034834827, 'bias_combine_ratio': 0.27981630076705555, 'max_weight': 0.8174331300213348, 'mape_window': 37, 'bias_window': 10, 'short_vol_window': 7}. Best is trial 13 with value: -999998.641595221.
[I 2026-05-19 18:43:31,320] Trial 28 finished with value: -1000005.5500146523 and parameters: {'bias_alpha': 0.9327966866195765, 'bias_combine_ratio': 0.314480465947123, 'max_weight': 0.8838680906645388, 'mape_window': 34, 'bias_window': 12, 'short_vol_window': 6}. Best is trial 13 with value: -999998.641595221.
[I 2026-05-19 18:43:35,975] Trial 29 finished with value: -1000006.4619471523 and parameters: {'bias_alpha': 0.9477659350548762, 'bias_combine_ratio': 0.37248193041003896, 'max_weight': 0.83952318045222, 'mape_window': 30, 'bias_window': 14, 'short_vol_window': 7}. Best is trial 13 with value: -999998.641595221.
[I 2026-05-19 18:43:40,345] Trial 30 finished with value: -1000013.0362174558 and parameters: {'bias_alpha': 0.9998940215625659, 'bias_combine_ratio': 0.40590757895480223, 'max_weight': 0.8310296657682114, 'mape_window': 27, 'bias_window': 11, 'short_vol_window': 11}. Best is trial 13 with value: -999998.641595221.
[I 2026-05-19 18:43:44,552] Trial 31 finished with value: -999998.2715473784 and parameters: {'bias_alpha': 0.9602716929489346, 'bias_combine_ratio': 0.34032768816860404, 'max_weight': 0.796496517319712, 'mape_window': 33, 'bias_window': 16, 'short_vol_window': 8}. Best is trial 31 with value: -999998.2715473784.
[I 2026-05-19 18:43:48,812] Trial 32 finished with value: -1000005.648201252 and parameters: {'bias_alpha': 0.9664244363561255, 'bias_combine_ratio': 0.34681735452597806, 'max_weight': 0.8516237441556752, 'mape_window': 36, 'bias_window': 16, 'short_vol_window': 7}. Best is trial 31 with value: -999998.2715473784.
[I 2026-05-19 18:43:53,518] Trial 33 finished with value: -1000007.0038093079 and parameters: {'bias_alpha': 0.9414940371742146, 'bias_combine_ratio': 0.3723600326189661, 'max_weight': 0.7855567610176065, 'mape_window': 31, 'bias_window': 17, 'short_vol_window': 9}. Best is trial 31 with value: -999998.2715473784.
[I 2026-05-19 18:43:58,360] Trial 34 finished with value: -999993.9771787843 and parameters: {'bias_alpha': 0.9790061281545271, 'bias_combine_ratio': 0.2643984623929847, 'max_weight': 0.8269898600741921, 'mape_window': 34, 'bias_window': 10, 'short_vol_window': 6}. Best is trial 34 with value: -999993.9771787843.
[I 2026-05-19 18:44:02,954] Trial 35 finished with value: -1000005.4427599079 and parameters: {'bias_alpha': 0.9810736591400167, 'bias_combine_ratio': 0.4441242062223268, 'max_weight': 0.813383350823294, 'mape_window': 29, 'bias_window': 10, 'short_vol_window': 6}. Best is trial 34 with value: -999993.9771787843.
[I 2026-05-19 18:44:07,682] Trial 36 finished with value: -1000001.9616812237 and parameters: {'bias_alpha': 0.8679114934123342, 'bias_combine_ratio': 0.26244639858469576, 'max_weight': 0.7704226670940026, 'mape_window': 38, 'bias_window': 10, 'short_vol_window': 5}. Best is trial 34 with value: -999993.9771787843.
[I 2026-05-19 18:44:12,587] Trial 37 finished with value: -999999.1262139701 and parameters: {'bias_alpha': 0.9160832896125221, 'bias_combine_ratio': 0.331867654319733, 'max_weight': 0.8755766824168281, 'mape_window': 32, 'bias_window': 16, 'short_vol_window': 9}. Best is trial 34 with value: -999993.9771787843.
[I 2026-05-19 18:44:17,275] Trial 38 finished with value: -999999.1902520348 and parameters: {'bias_alpha': 0.9035412704819817, 'bias_combine_ratio': 0.2273422500891229, 'max_weight': 0.8744593919123779, 'mape_window': 31, 'bias_window': 16, 'short_vol_window': 9}. Best is trial 34 with value: -999993.9771787843.
[I 2026-05-19 18:44:46,140] Trial 39 finished with value: -1000011.8495185208 and parameters: {'bias_alpha': 0.913067616921883, 'bias_combine_ratio': 0.29341450401067615, 'max_weight': 0.8460337990564061, 'mape_window': 41, 'bias_window': 17, 'short_vol_window': 10}. Best is trial 34 with value: -999993.9771787843.
[I 2026-05-19 18:44:51,043] Trial 40 finished with value: -1000013.7320745039 and parameters: {'bias_alpha': 0.9250385488902082, 'bias_combine_ratio': 0.31291304092674876, 'max_weight': 0.8958006386774523, 'mape_window': 45, 'bias_window': 19, 'short_vol_window': 13}. Best is trial 34 with value: -999993.9771787843.
[I 2026-05-19 18:44:31,669] Trial 41 finished with value: -1000000.0001099869 and parameters: {'bias_alpha': 0.9066188159531415, 'bias_combine_ratio': 0.22015831964517668, 'max_weight': 0.8690488695590353, 'mape_window': 30, 'bias_window': 16, 'short_vol_window': 9}. Best is trial 34 with value: -999993.9771787843.
[I 2026-05-19 18:44:36,413] Trial 42 finished with value: -999997.3950450759 and parameters: {'bias_alpha': 0.8928242364959484, 'bias_combine_ratio': 0.23118938257071667, 'max_weight': 0.8755482694064894, 'mape_window': 32, 'bias_window': 16, 'short_vol_window': 10}. Best is trial 34 with value: -999993.9771787843.
[I 2026-05-19 18:44:41,628] Trial 43 finished with value: -1000007.5475108068 and parameters: {'bias_alpha': 0.8849452807937949, 'bias_combine_ratio': 0.26206799795573205, 'max_weight': 0.8863785233463128, 'mape_window': 35, 'bias_window': 15, 'short_vol_window': 10}. Best is trial 34 with value: -999993.9771787843.
[I 2026-05-19 18:44:46,491] Trial 44 finished with value: -1000006.2257436202 and parameters: {'bias_alpha': 0.8755351520363351, 'bias_combine_ratio': 0.20136464384432823, 'max_weight': 0.8530639218376693, 'mape_window': 32, 'bias_window': 17, 'short_vol_window': 11}. Best is trial 34 with value: -999993.9771787843.
[I 2026-05-19 18:44:51,218] Trial 45 finished with value: -1000009.2628806421 and parameters: {'bias_alpha': 0.8938412059163379, 'bias_combine_ratio': 0.23670425178291352, 'max_weight': 0.8697120777098695, 'mape_window': 35, 'bias_window': 18, 'short_vol_window': 10}. Best is trial 34 with value: -999993.9771787843.
[I 2026-05-19 18:44:55,937] Trial 46 finished with value: -1000011.0358067252 and parameters: {'bias_alpha': 0.924863435116238, 'bias_combine_ratio': 0.2555388965219949, 'max_weight': 0.8750023954841694, 'mape_window': 37, 'bias_window': 16, 'short_vol_window': 15}. Best is trial 34 with value: -999993.9771787843.
[I 2026-05-19 18:45:00,806] Trial 47 finished with value: -1000006.7265836614 and parameters: {'bias_alpha': 0.9186509886709953, 'bias_combine_ratio': 0.34744775633890024, 'max_weight': 0.8461616222648565, 'mape_window': 48, 'bias_window': 15, 'short_vol_window': 10}. Best is trial 34 with value: -999993.9771787843.
[I 2026-05-19 18:45:05,692] Trial 48 finished with value: -1000010.972133883 and parameters: {'bias_alpha': 0.8990524441409716, 'bias_combine_ratio': 0.387326811088608, 'max_weight': 0.7105512016806284, 'mape_window': 29, 'bias_window': 13, 'short_vol_window': 12}. Best is trial 34 with value: -999993.9771787843.
[I 2026-05-19 18:45:10,296] Trial 49 finished with value: -1000009.4990058356 and parameters: {'bias_alpha': 0.8821398968505225, 'bias_combine_ratio': 0.3266969869387139, 'max_weight': 0.7234036145355752, 'mape_window': 33, 'bias_window': 17, 'short_vol_window': 13}. Best is trial 34 with value: -999993.9771787843.
[I 2026-05-19 18:45:14,941] Trial 50 finished with value: -1000007.3779531312 and parameters: {'bias_alpha': 0.9920357565329787, 'bias_combine_ratio': 0.21512153850323676, 'max_weight': 0.8998850269497961, 'mape_window': 28, 'bias_window': 14, 'short_vol_window': 8}. Best is trial 34 with value: -999993.9771787843.
[I 2026-05-19 18:45:19,371] Trial 51 finished with value: -999996.3303259725 and parameters: {'bias_alpha': 0.9097139281809267, 'bias_combine_ratio': 0.23274767846477826, 'max_weight': 0.8803843129186425, 'mape_window': 32, 'bias_window': 16, 'short_vol_window': 9}. Best is trial 34 with value: -999993.9771787843.
[I 2026-05-19 18:45:23,831] Trial 52 finished with value: -999998.521150226 and parameters: {'bias_alpha': 0.9080149216042963, 'bias_combine_ratio': 0.23644370673931933, 'max_weight': 0.8609013322870636, 'mape_window': 34, 'bias_window': 16, 'short_vol_window': 9}. Best is trial 34 with value: -999993.9771787843.
[I 2026-05-19 18:45:28,812] Trial 53 finished with value: -1000003.3161376712 and parameters: {'bias_alpha': 0.8912194782913166, 'bias_combine_ratio': 0.23536450304171563, 'max_weight': 0.888951888371989, 'mape_window': 34, 'bias_window': 15, 'short_vol_window': 10}. Best is trial 34 with value: -999993.9771787843.
[I 2026-05-19 18:45:33,283] Trial 54 finished with value: -1000005.8947769536 and parameters: {'bias_alpha': 0.9001620232015128, 'bias_combine_ratio': 0.21130515883276296, 'max_weight': 0.8255962112818104, 'mape_window': 36, 'bias_window': 16, 'short_vol_window': 11}. Best is trial 34 with value: -999993.9771787843.
[I 2026-05-19 18:45:37,258] Trial 55 finished with value: -1000003.9372244412 and parameters: {'bias_alpha': 0.9089027225421422, 'bias_combine_ratio': 0.24622469938882777, 'max_weight': 0.8621472204295216, 'mape_window': 33, 'bias_window': 17, 'short_vol_window': 8}. Best is trial 34 with value: -999993.9771787843.
[I 2026-05-19 18:45:41,200] Trial 56 finished with value: -1000006.6582599464 and parameters: {'bias_alpha': 0.9775288753770235, 'bias_combine_ratio': 0.23035730734189175, 'max_weight': 0.8341974007221095, 'mape_window': 31, 'bias_window': 18, 'short_vol_window': 9}. Best is trial 34 with value: -999993.9771787843.
