[I 2026-05-17 14:24:41,269] A new study created in memory with name: no-name-c37bc337-1521-424b-bb04-75567e7379f1
[I 2026-05-17 14:24:47,141] Trial 0 finished with value: 52.08744272183394 and parameters: {'bias_alpha': 1.0, 'bias_combine_ratio': 0.25, 'max_weight': 0.78, 'mape_window': 44, 'bias_window': 15, 'short_vol_window': 7}. Best is trial 0 with value: 52.08744272183394.
[I 2026-05-17 14:24:52,699] Trial 1 finished with value: 65.165470314504 and parameters: {'bias_alpha': 0.9061810178271044, 'bias_combine_ratio': 0.43767857660247905, 'max_weight': 0.846398788362281, 'mape_window': 40, 'bias_window': 11, 'short_vol_window': 6}. Best is trial 1 with value: 65.165470314504.
[I 2026-05-17 14:24:58,385] Trial 2 finished with value: 65.50751848170168 and parameters: {'bias_alpha': 0.8587125418252299, 'bias_combine_ratio': 0.41654403644373383, 'max_weight': 0.8202230023486418, 'mape_window': 43, 'bias_window': 10, 'short_vol_window': 15}. Best is trial 2 with value: 65.50751848170168.
[I 2026-05-17 14:25:04,151] Trial 3 finished with value: 53.04129676352409 and parameters: {'bias_alpha': 0.9748663961200632, 'bias_combine_ratio': 0.25308477766956905, 'max_weight': 0.73636499344142, 'mape_window': 29, 'bias_window': 13, 'short_vol_window': 10}. Best is trial 2 with value: 65.50751848170168.
[I 2026-05-17 14:25:10,034] Trial 4 finished with value: 56.20361812518169 and parameters: {'bias_alpha': 0.9147917527963173, 'bias_combine_ratio': 0.27280728504951046, 'max_weight': 0.8223705789444758, 'mape_window': 28, 'bias_window': 13, 'short_vol_window': 9}. Best is trial 2 with value: 65.50751848170168.
[I 2026-05-17 14:25:16,076] Trial 5 finished with value: 55.707650743387966 and parameters: {'bias_alpha': 0.9184104976325553, 'bias_combine_ratio': 0.3962939903482534, 'max_weight': 0.739934756431672, 'mape_window': 38, 'bias_window': 16, 'short_vol_window': 5}. Best is trial 2 with value: 65.50751848170168.
[I 2026-05-17 14:25:22,259] Trial 6 finished with value: 62.488261962173944 and parameters: {'bias_alpha': 0.9411317277852157, 'bias_combine_ratio': 0.2426310309218229, 'max_weight': 0.7130103185970559, 'mape_window': 49, 'bias_window': 20, 'short_vol_window': 13}. Best is trial 2 with value: 65.50751848170168.
[I 2026-05-17 14:25:28,935] Trial 7 finished with value: 59.332624632279774 and parameters: {'bias_alpha': 0.8956920653760055, 'bias_combine_ratio': 0.22441802850159598, 'max_weight': 0.8368466053024314, 'mape_window': 36, 'bias_window': 11, 'short_vol_window': 10}. Best is trial 2 with value: 65.50751848170168.
[I 2026-05-17 14:25:34,765] Trial 8 finished with value: 54.405900319502884 and parameters: {'bias_alpha': 0.8551582781672827, 'bias_combine_ratio': 0.42733010051969555, 'max_weight': 0.7517559963200033, 'mape_window': 42, 'bias_window': 13, 'short_vol_window': 10}. Best is trial 2 with value: 65.50751848170168.
[I 2026-05-17 14:25:40,562] Trial 9 finished with value: 62.01974904142646 and parameters: {'bias_alpha': 0.9320065419014919, 'bias_combine_ratio': 0.24621361388138177, 'max_weight': 0.8939169255529118, 'mape_window': 45, 'bias_window': 20, 'short_vol_window': 14}. Best is trial 2 with value: 65.50751848170168.
[I 2026-05-17 14:25:46,085] Trial 10 finished with value: 62.386387575667946 and parameters: {'bias_alpha': 0.8530795314530547, 'bias_combine_ratio': 0.34544093932352293, 'max_weight': 0.8853877207692916, 'mape_window': 33, 'bias_window': 10, 'short_vol_window': 13}. Best is trial 2 with value: 65.50751848170168.
[I 2026-05-17 14:25:52,016] Trial 11 finished with value: 66.89515220706575 and parameters: {'bias_alpha': 0.8883165188147798, 'bias_combine_ratio': 0.4464345088582369, 'max_weight': 0.8489321798901472, 'mape_window': 39, 'bias_window': 10, 'short_vol_window': 15}. Best is trial 11 with value: 66.89515220706575.
[I 2026-05-17 14:25:58,349] Trial 12 finished with value: 65.76681055160728 and parameters: {'bias_alpha': 0.878860739405885, 'bias_combine_ratio': 0.37424546707916156, 'max_weight': 0.7988950565974643, 'mape_window': 49, 'bias_window': 10, 'short_vol_window': 15}. Best is trial 11 with value: 66.89515220706575.
[I 2026-05-17 14:26:04,285] Trial 13 finished with value: 58.127298617101964 and parameters: {'bias_alpha': 0.8828752739933184, 'bias_combine_ratio': 0.36930388553305626, 'max_weight': 0.7894417175821863, 'mape_window': 50, 'bias_window': 17, 'short_vol_window': 15}. Best is trial 11 with value: 66.89515220706575.
[I 2026-05-17 14:26:09,952] Trial 14 finished with value: 67.47472162041029 and parameters: {'bias_alpha': 0.8795702791098376, 'bias_combine_ratio': 0.3057184586781437, 'max_weight': 0.8595457214173834, 'mape_window': 33, 'bias_window': 12, 'short_vol_window': 12}. Best is trial 14 with value: 67.47472162041029.
[I 2026-05-17 14:26:16,229] Trial 15 finished with value: 67.41343019050986 and parameters: {'bias_alpha': 0.8798100562625852, 'bias_combine_ratio': 0.3020613608466922, 'max_weight': 0.8647472324417855, 'mape_window': 33, 'bias_window': 12, 'short_vol_window': 12}. Best is trial 14 with value: 67.47472162041029.
[I 2026-05-17 14:26:21,887] Trial 16 finished with value: 69.30577656627827 and parameters: {'bias_alpha': 0.9471873223305763, 'bias_combine_ratio': 0.2908493150777561, 'max_weight': 0.8708250968654826, 'mape_window': 25, 'bias_window': 12, 'short_vol_window': 12}. Best is trial 16 with value: 69.30577656627827.
[I 2026-05-17 14:26:28,100] Trial 17 finished with value: 57.464260760851474 and parameters: {'bias_alpha': 0.9567730690273131, 'bias_combine_ratio': 0.31191201035607796, 'max_weight': 0.864754480036038, 'mape_window': 25, 'bias_window': 15, 'short_vol_window': 12}. Best is trial 16 with value: 69.30577656627827.
[I 2026-05-17 14:26:34,019] Trial 18 finished with value: 54.449884457951306 and parameters: {'bias_alpha': 0.9592589659157391, 'bias_combine_ratio': 0.28788041453330293, 'max_weight': 0.8780414098158422, 'mape_window': 26, 'bias_window': 14, 'short_vol_window': 8}. Best is trial 16 with value: 69.30577656627827.
[I 2026-05-17 14:26:40,087] Trial 19 finished with value: 63.574391864078336 and parameters: {'bias_alpha': 0.9464414119776862, 'bias_combine_ratio': 0.32920122556769915, 'max_weight': 0.8972817535856499, 'mape_window': 31, 'bias_window': 18, 'short_vol_window': 12}. Best is trial 16 with value: 69.30577656627827.
[I 2026-05-17 14:26:45,845] Trial 20 finished with value: 66.08483458124869 and parameters: {'bias_alpha': 0.9843859431100529, 'bias_combine_ratio': 0.20680475659779918, 'max_weight': 0.8240297815569115, 'mape_window': 36, 'bias_window': 12, 'short_vol_window': 11}. Best is trial 16 with value: 69.30577656627827.
[I 2026-05-17 14:26:52,227] Trial 21 finished with value: 67.15330762074584 and parameters: {'bias_alpha': 0.8712579230279153, 'bias_combine_ratio': 0.2979417085544248, 'max_weight': 0.8622982167469535, 'mape_window': 33, 'bias_window': 12, 'short_vol_window': 12}. Best is trial 16 with value: 69.30577656627827.
[I 2026-05-17 14:26:59,232] Trial 22 finished with value: 66.80609345232483 and parameters: {'bias_alpha': 0.9018450183435112, 'bias_combine_ratio': 0.34436041926209404, 'max_weight': 0.8684191385331383, 'mape_window': 34, 'bias_window': 12, 'short_vol_window': 11}. Best is trial 16 with value: 69.30577656627827.
[I 2026-05-17 14:27:05,396] Trial 23 finished with value: 58.59055567635547 and parameters: {'bias_alpha': 0.9293200824289866, 'bias_combine_ratio': 0.2782813579598627, 'max_weight': 0.855381984502312, 'mape_window': 30, 'bias_window': 14, 'short_vol_window': 13}. Best is trial 16 with value: 69.30577656627827.
[I 2026-05-17 14:27:31,807] Trial 24 finished with value: 64.25025301872412 and parameters: {'bias_alpha': 0.8681500582951703, 'bias_combine_ratio': 0.3145800677947728, 'max_weight': 0.8319853950754802, 'mape_window': 27, 'bias_window': 11, 'short_vol_window': 11}. Best is trial 16 with value: 69.30577656627827.
[I 2026-05-17 14:27:18,218] Trial 25 finished with value: 58.72034052044198 and parameters: {'bias_alpha': 0.8926935457813723, 'bias_combine_ratio': 0.29963468606904337, 'max_weight': 0.8785006228868592, 'mape_window': 31, 'bias_window': 14, 'short_vol_window': 13}. Best is trial 16 with value: 69.30577656627827.
[I 2026-05-17 14:27:24,622] Trial 26 finished with value: 63.62783400217383 and parameters: {'bias_alpha': 0.8708154909145898, 'bias_combine_ratio': 0.33562330224775, 'max_weight': 0.8127076992802539, 'mape_window': 34, 'bias_window': 12, 'short_vol_window': 9}. Best is trial 16 with value: 69.30577656627827.
[I 2026-05-17 14:27:30,781] Trial 27 finished with value: 59.92871223411971 and parameters: {'bias_alpha': 0.9140147958012368, 'bias_combine_ratio': 0.27099607391396535, 'max_weight': 0.8434753897795517, 'mape_window': 36, 'bias_window': 13, 'short_vol_window': 14}. Best is trial 16 with value: 69.30577656627827.
[I 2026-05-17 14:27:37,010] Trial 28 finished with value: 68.68289297505022 and parameters: {'bias_alpha': 0.9602167043982883, 'bias_combine_ratio': 0.3640061136480196, 'max_weight': 0.8998304489860944, 'mape_window': 32, 'bias_window': 11, 'short_vol_window': 12}. Best is trial 16 with value: 69.30577656627827.
[I 2026-05-17 14:27:43,052] Trial 29 finished with value: 66.83832725874905 and parameters: {'bias_alpha': 0.9903016748455902, 'bias_combine_ratio': 0.37043208628144075, 'max_weight': 0.7721289048256008, 'mape_window': 25, 'bias_window': 11, 'short_vol_window': 11}. Best is trial 16 with value: 69.30577656627827.
[I 2026-05-17 14:27:49,303] Trial 30 finished with value: 55.698958888523094 and parameters: {'bias_alpha': 0.9647905451026112, 'bias_combine_ratio': 0.3924321542709983, 'max_weight': 0.8997809427794984, 'mape_window': 28, 'bias_window': 15, 'short_vol_window': 14}. Best is trial 16 with value: 69.30577656627827.
[I 2026-05-17 14:27:55,917] Trial 31 finished with value: 69.81758218290126 and parameters: {'bias_alpha': 0.9433866458426071, 'bias_combine_ratio': 0.35364495948590247, 'max_weight': 0.8762310750413759, 'mape_window': 32, 'bias_window': 12, 'short_vol_window': 12}. Best is trial 31 with value: 69.81758218290126.
[I 2026-05-17 14:28:21,940] Trial 32 finished with value: 68.4165680868766 and parameters: {'bias_alpha': 0.9447831153463767, 'bias_combine_ratio': 0.35522343396736544, 'max_weight': 0.8839206620815206, 'mape_window': 30, 'bias_window': 11, 'short_vol_window': 12}. Best is trial 31 with value: 69.81758218290126.
[I 2026-05-17 14:28:08,057] Trial 33 finished with value: 65.84846388553015 and parameters: {'bias_alpha': 0.945620661161653, 'bias_combine_ratio': 0.35420648768796736, 'max_weight': 0.8811226426017952, 'mape_window': 31, 'bias_window': 11, 'short_vol_window': 11}. Best is trial 31 with value: 69.81758218290126.
[I 2026-05-17 14:28:13,994] Trial 34 finished with value: 68.30217912488641 and parameters: {'bias_alpha': 0.9730024405115959, 'bias_combine_ratio': 0.3940340023163121, 'max_weight': 0.8852040727482219, 'mape_window': 29, 'bias_window': 11, 'short_vol_window': 13}. Best is trial 31 with value: 69.81758218290126.
[I 2026-05-17 14:28:19,752] Trial 35 finished with value: 60.253540936990774 and parameters: {'bias_alpha': 0.939437300835202, 'bias_combine_ratio': 0.3592695949209006, 'max_weight': 0.8765177419431555, 'mape_window': 27, 'bias_window': 10, 'short_vol_window': 9}. Best is trial 31 with value: 69.81758218290126.
[I 2026-05-17 14:28:26,323] Trial 36 finished with value: 62.3290217158243 and parameters: {'bias_alpha': 0.9534518271866879, 'bias_combine_ratio': 0.41011392467682123, 'max_weight': 0.8916375585035066, 'mape_window': 29, 'bias_window': 13, 'short_vol_window': 12}. Best is trial 31 with value: 69.81758218290126.
[I 2026-05-17 14:28:32,918] Trial 37 finished with value: 63.846556146637525 and parameters: {'bias_alpha': 0.972025520671772, 'bias_combine_ratio': 0.3840055063736247, 'max_weight': 0.8726355093970082, 'mape_window': 31, 'bias_window': 11, 'short_vol_window': 7}. Best is trial 31 with value: 69.81758218290126.
[I 2026-05-17 14:28:39,124] Trial 38 finished with value: 60.542482299509096 and parameters: {'bias_alpha': 0.9226985172581825, 'bias_combine_ratio': 0.323933016658696, 'max_weight': 0.8461812715291428, 'mape_window': 35, 'bias_window': 13, 'short_vol_window': 14}. Best is trial 31 with value: 69.81758218290126.
[I 2026-05-17 14:28:45,342] Trial 39 finished with value: 50.566468273015474 and parameters: {'bias_alpha': 0.9323461204193222, 'bias_combine_ratio': 0.4064136100853236, 'max_weight': 0.8861977963120587, 'mape_window': 41, 'bias_window': 14, 'short_vol_window': 10}. Best is trial 31 with value: 69.81758218290126.
[I 2026-05-17 14:28:51,691] Trial 40 finished with value: 55.41469162651392 and parameters: {'bias_alpha': 0.9645350103592182, 'bias_combine_ratio': 0.3541876058273135, 'max_weight': 0.8529973839959326, 'mape_window': 27, 'bias_window': 16, 'short_vol_window': 13}. Best is trial 31 with value: 69.81758218290126.
[I 2026-05-17 14:28:59,269] Trial 41 finished with value: 68.29798231985882 and parameters: {'bias_alpha': 0.9728280471910736, 'bias_combine_ratio': 0.3850107844898506, 'max_weight': 0.8881205819917859, 'mape_window': 29, 'bias_window': 11, 'short_vol_window': 13}. Best is trial 31 with value: 69.81758218290126.
[I 2026-05-17 14:29:05,694] Trial 42 finished with value: 66.35544122993154 and parameters: {'bias_alpha': 0.9838949986509306, 'bias_combine_ratio': 0.41986372712311676, 'max_weight': 0.8996567172332007, 'mape_window': 29, 'bias_window': 10, 'short_vol_window': 12}. Best is trial 31 with value: 69.81758218290126.
[I 2026-05-17 14:29:32,001] Trial 43 finished with value: 65.67374623445532 and parameters: {'bias_alpha': 0.9504067367605911, 'bias_combine_ratio': 0.34030554852874806, 'max_weight': 0.7046775071934073, 'mape_window': 32, 'bias_window': 11, 'short_vol_window': 11}. Best is trial 31 with value: 69.81758218290126.
[I 2026-05-17 14:29:17,204] Trial 44 finished with value: 63.263154326580825 and parameters: {'bias_alpha': 0.9372503620383449, 'bias_combine_ratio': 0.3621404184237011, 'max_weight': 0.8714419170433407, 'mape_window': 28, 'bias_window': 10, 'short_vol_window': 14}. Best is trial 31 with value: 69.81758218290126.
[I 2026-05-17 14:29:42,192] Trial 45 finished with value: 70.42972222678694 and parameters: {'bias_alpha': 0.9641570021087171, 'bias_combine_ratio': 0.39690791862534763, 'max_weight': 0.8856276953953987, 'mape_window': 26, 'bias_window': 12, 'short_vol_window': 13}. Best is trial 45 with value: 70.42972222678694.
[I 2026-05-17 14:29:27,300] Trial 46 finished with value: 65.13216509088727 and parameters: {'bias_alpha': 0.9643397771160149, 'bias_combine_ratio': 0.37988016887753795, 'max_weight': 0.892594568842357, 'mape_window': 26, 'bias_window': 12, 'short_vol_window': 10}. Best is trial 45 with value: 70.42972222678694.
[I 2026-05-17 14:29:33,285] Trial 47 finished with value: 60.534062609038216 and parameters: {'bias_alpha': 0.9419874174822459, 'bias_combine_ratio': 0.260738651110799, 'max_weight': 0.7668964845932044, 'mape_window': 46, 'bias_window': 13, 'short_vol_window': 5}. Best is trial 45 with value: 70.42972222678694.
[I 2026-05-17 14:29:38,620] Trial 48 finished with value: 62.370798993561756 and parameters: {'bias_alpha': 0.9508568169272429, 'bias_combine_ratio': 0.4297670265585406, 'max_weight': 0.7276794656799168, 'mape_window': 25, 'bias_window': 13, 'short_vol_window': 13}. Best is trial 45 with value: 70.42972222678694.
[I 2026-05-17 14:29:44,167] Trial 49 finished with value: 68.83488319429125 and parameters: {'bias_alpha': 0.9256281944143985, 'bias_combine_ratio': 0.32895157633211514, 'max_weight': 0.8339604612833855, 'mape_window': 38, 'bias_window': 12, 'short_vol_window': 12}. Best is trial 45 with value: 70.42972222678694.
[I 2026-05-17 14:29:50,855] Trial 50 finished with value: 67.15259365571318 and parameters: {'bias_alpha': 0.912613747176014, 'bias_combine_ratio': 0.32372508233429514, 'max_weight': 0.8315599313478044, 'mape_window': 39, 'bias_window': 12, 'short_vol_window': 14}. Best is trial 45 with value: 70.42972222678694.
[I 2026-05-17 14:29:56,744] Trial 51 finished with value: 65.19707120929515 and parameters: {'bias_alpha': 0.9270679824859983, 'bias_combine_ratio': 0.3336977229961601, 'max_weight': 0.8067329324332705, 'mape_window': 38, 'bias_window': 19, 'short_vol_window': 12}. Best is trial 45 with value: 70.42972222678694.
[I 2026-05-17 14:30:01,000] Trial 52 finished with value: 69.45764211603219 and parameters: {'bias_alpha': 0.9349895585284806, 'bias_combine_ratio': 0.3474115569227609, 'max_weight': 0.8414943557875949, 'mape_window': 37, 'bias_window': 12, 'short_vol_window': 12}. Best is trial 45 with value: 70.42972222678694.
[I 2026-05-17 14:30:05,094] Trial 53 finished with value: 66.72566121831443 and parameters: {'bias_alpha': 0.9355374410225563, 'bias_combine_ratio': 0.31946722826503987, 'max_weight': 0.8375470159227048, 'mape_window': 43, 'bias_window': 12, 'short_vol_window': 11}. Best is trial 45 with value: 70.42972222678694.
[I 2026-05-17 14:30:09,252] Trial 54 finished with value: 60.542864655722575 and parameters: {'bias_alpha': 0.922858705842329, 'bias_combine_ratio': 0.2878232416592853, 'max_weight': 0.8589135758569266, 'mape_window': 39, 'bias_window': 13, 'short_vol_window': 13}. Best is trial 45 with value: 70.42972222678694.
[I 2026-05-17 14:30:13,135] Trial 55 finished with value: 57.777145603612176 and parameters: {'bias_alpha': 0.9580729027052072, 'bias_combine_ratio': 0.34303744287423354, 'max_weight': 0.8190387871273741, 'mape_window': 41, 'bias_window': 14, 'short_vol_window': 12}. Best is trial 45 with value: 70.42972222678694.
[I 2026-05-17 14:30:37,107] Trial 56 finished with value: 67.35459191055054 and parameters: {'bias_alpha': 0.907919640751503, 'bias_combine_ratio': 0.36589649732696555, 'max_weight': 0.7919176658264566, 'mape_window': 37, 'bias_window': 12, 'short_vol_window': 11}. Best is trial 45 with value: 70.42972222678694.
[I 2026-05-17 14:30:20,725] Trial 57 finished with value: 61.948011516280324 and parameters: {'bias_alpha': 0.918646182914822, 'bias_combine_ratio': 0.4034344844284498, 'max_weight': 0.8676275439411407, 'mape_window': 37, 'bias_window': 13, 'short_vol_window': 12}. Best is trial 45 with value: 70.42972222678694.
[I 2026-05-17 14:30:24,575] Trial 58 finished with value: 56.89245674402089 and parameters: {'bias_alpha': 0.9803499489360977, 'bias_combine_ratio': 0.23239699843028389, 'max_weight': 0.8400559633536034, 'mape_window': 35, 'bias_window': 10, 'short_vol_window': 9}. Best is trial 45 with value: 70.42972222678694.
[I 2026-05-17 14:30:28,573] Trial 59 finished with value: 64.34865887994279 and parameters: {'bias_alpha': 0.9333612577333681, 'bias_combine_ratio': 0.3473064488831313, 'max_weight': 0.8486885825210652, 'mape_window': 26, 'bias_window': 12, 'short_vol_window': 10}. Best is trial 45 with value: 70.42972222678694.
[I 2026-05-17 14:30:32,561] Trial 60 finished with value: 55.35643113445509 and parameters: {'bias_alpha': 0.9936969260678117, 'bias_combine_ratio': 0.3771289422312961, 'max_weight': 0.8532335850528303, 'mape_window': 40, 'bias_window': 16, 'short_vol_window': 13}. Best is trial 45 with value: 70.42972222678694.
[I 2026-05-17 14:30:36,284] Trial 61 finished with value: 68.4449606372767 and parameters: {'bias_alpha': 0.9454855139929071, 'bias_combine_ratio': 0.3537985897856824, 'max_weight': 0.8812190757641849, 'mape_window': 32, 'bias_window': 11, 'short_vol_window': 12}. Best is trial 45 with value: 70.42972222678694.
[I 2026-05-17 14:30:40,297] Trial 62 finished with value: 68.01840794750674 and parameters: {'bias_alpha': 0.9605164744269802, 'bias_combine_ratio': 0.3090023685873214, 'max_weight': 0.8738530199158109, 'mape_window': 32, 'bias_window': 11, 'short_vol_window': 12}. Best is trial 45 with value: 70.42972222678694.
[I 2026-05-17 14:30:43,966] Trial 63 finished with value: 69.03662649384096 and parameters: {'bias_alpha': 0.953593804104403, 'bias_combine_ratio': 0.3358225876500672, 'max_weight': 0.8919584023954832, 'mape_window': 34, 'bias_window': 12, 'short_vol_window': 13}. Best is trial 45 with value: 70.42972222678694.
[I 2026-05-17 14:30:47,578] Trial 64 finished with value: 70.34722616392236 and parameters: {'bias_alpha': 0.9540465778953778, 'bias_combine_ratio': 0.3308060154519478, 'max_weight': 0.8920505346189611, 'mape_window': 34, 'bias_window': 12, 'short_vol_window': 15}. Best is trial 45 with value: 70.42972222678694.
[I 2026-05-17 14:30:51,170] Trial 65 finished with value: 70.58463094872933 and parameters: {'bias_alpha': 0.9512787992610503, 'bias_combine_ratio': 0.3337453190628358, 'max_weight': 0.8638009988764959, 'mape_window': 35, 'bias_window': 12, 'short_vol_window': 15}. Best is trial 65 with value: 70.58463094872933.
[I 2026-05-17 14:30:54,679] Trial 66 finished with value: 70.23474963327955 and parameters: {'bias_alpha': 0.9535681204006811, 'bias_combine_ratio': 0.31495706571530246, 'max_weight': 0.8639665702909581, 'mape_window': 35, 'bias_window': 12, 'short_vol_window': 15}. Best is trial 65 with value: 70.58463094872933.
[I 2026-05-17 14:30:58,539] Trial 67 finished with value: 62.62592690792196 and parameters: {'bias_alpha': 0.9676065809853679, 'bias_combine_ratio': 0.2955161830771934, 'max_weight': 0.86338576052649, 'mape_window': 36, 'bias_window': 13, 'short_vol_window': 15}. Best is trial 65 with value: 70.58463094872933.
[I 2026-05-17 14:31:02,646] Trial 68 finished with value: 69.63638018914628 and parameters: {'bias_alpha': 0.9485537431104664, 'bias_combine_ratio': 0.29047230794495904, 'max_weight': 0.8671269135674187, 'mape_window': 35, 'bias_window': 12, 'short_vol_window': 15}. Best is trial 65 with value: 70.58463094872933.
