[I 2026-05-17 14:31:06,726] Trial 69 finished with value: 59.596888788871254 and parameters: {'bias_alpha': 0.9409700192891822, 'bias_combine_ratio': 0.2798363155272316, 'max_weight': 0.8584165309895234, 'mape_window': 35, 'bias_window': 14, 'short_vol_window': 15}. Best is trial 65 with value: 70.58463094872933.
[I 2026-05-17 14:31:10,578] Trial 70 finished with value: 62.37160352904946 and parameters: {'bias_alpha': 0.9547728636906212, 'bias_combine_ratio': 0.315482308073679, 'max_weight': 0.8681914889730648, 'mape_window': 34, 'bias_window': 13, 'short_vol_window': 15}. Best is trial 65 with value: 70.58463094872933.
[I 2026-05-17 14:31:14,425] Trial 71 finished with value: 69.58151256562415 and parameters: {'bias_alpha': 0.9462493255911127, 'bias_combine_ratio': 0.29027764778706056, 'max_weight': 0.877481523466646, 'mape_window': 35, 'bias_window': 12, 'short_vol_window': 15}. Best is trial 65 with value: 70.58463094872933.
[I 2026-05-17 14:31:18,368] Trial 72 finished with value: 69.762314448743 and parameters: {'bias_alpha': 0.9491744772602321, 'bias_combine_ratio': 0.30557285069732376, 'max_weight': 0.8770052425398676, 'mape_window': 36, 'bias_window': 12, 'short_vol_window': 15}. Best is trial 65 with value: 70.58463094872933.
[I 2026-05-17 14:31:42,319] Trial 73 finished with value: 70.16534115727961 and parameters: {'bias_alpha': 0.9602116714100144, 'bias_combine_ratio': 0.30371184216710695, 'max_weight': 0.8803258987550991, 'mape_window': 35, 'bias_window': 12, 'short_vol_window': 15}. Best is trial 65 with value: 70.58463094872933.
[I 2026-05-17 14:31:25,948] Trial 74 finished with value: 69.82983004668957 and parameters: {'bias_alpha': 0.9510338043324904, 'bias_combine_ratio': 0.30674119712775233, 'max_weight': 0.8896984805173083, 'mape_window': 36, 'bias_window': 12, 'short_vol_window': 15}. Best is trial 65 with value: 70.58463094872933.
[I 2026-05-17 14:31:29,937] Trial 75 finished with value: 60.46169214329288 and parameters: {'bias_alpha': 0.9702020340894241, 'bias_combine_ratio': 0.30509959477938586, 'max_weight': 0.8820660096401385, 'mape_window': 33, 'bias_window': 13, 'short_vol_window': 14}. Best is trial 65 with value: 70.58463094872933.
[I 2026-05-17 14:31:33,604] Trial 76 finished with value: 70.2034696006712 and parameters: {'bias_alpha': 0.9593887775229863, 'bias_combine_ratio': 0.3156133900431708, 'max_weight': 0.8888017489898625, 'mape_window': 36, 'bias_window': 12, 'short_vol_window': 15}. Best is trial 65 with value: 70.58463094872933.
[I 2026-05-17 14:31:37,578] Trial 77 finished with value: 67.47738503432707 and parameters: {'bias_alpha': 0.9793077067111569, 'bias_combine_ratio': 0.31838796187360796, 'max_weight': 0.8889488305484539, 'mape_window': 33, 'bias_window': 11, 'short_vol_window': 14}. Best is trial 65 with value: 70.58463094872933.
[I 2026-05-17 14:31:41,207] Trial 78 finished with value: 63.94831590405513 and parameters: {'bias_alpha': 0.9609346890545417, 'bias_combine_ratio': 0.4448346212155692, 'max_weight': 0.8967819940898016, 'mape_window': 36, 'bias_window': 13, 'short_vol_window': 15}. Best is trial 65 with value: 70.58463094872933.
[I 2026-05-17 14:31:45,041] Trial 79 finished with value: 55.975306996831634 and parameters: {'bias_alpha': 0.976880147461994, 'bias_combine_ratio': 0.3297071292861805, 'max_weight': 0.8951562698567449, 'mape_window': 34, 'bias_window': 17, 'short_vol_window': 14}. Best is trial 65 with value: 70.58463094872933.
[I 2026-05-17 14:31:48,601] A new study created in memory with name: no-name-9a036008-6722-4fdf-b39f-d96dcbb34e59
[I 2026-05-17 14:31:52,711] Trial 0 finished with value: 51.925923377358714 and parameters: {'bias_alpha': 1.0, 'bias_combine_ratio': 0.25, 'max_weight': 0.78, 'mape_window': 44, 'bias_window': 15, 'short_vol_window': 7}. Best is trial 0 with value: 51.925923377358714.
[I 2026-05-17 14:32:17,286] Trial 1 finished with value: 54.42405869968439 and parameters: {'bias_alpha': 0.9061810178271044, 'bias_combine_ratio': 0.43767857660247905, 'max_weight': 0.846398788362281, 'mape_window': 40, 'bias_window': 11, 'short_vol_window': 6}. Best is trial 1 with value: 54.42405869968439.
[I 2026-05-17 14:32:01,684] Trial 2 finished with value: 69.63617508477614 and parameters: {'bias_alpha': 0.8587125418252299, 'bias_combine_ratio': 0.41654403644373383, 'max_weight': 0.8202230023486418, 'mape_window': 43, 'bias_window': 10, 'short_vol_window': 15}. Best is trial 2 with value: 69.63617508477614.
[I 2026-05-17 14:32:06,403] Trial 3 finished with value: 60.94852780305793 and parameters: {'bias_alpha': 0.9748663961200632, 'bias_combine_ratio': 0.25308477766956905, 'max_weight': 0.73636499344142, 'mape_window': 29, 'bias_window': 13, 'short_vol_window': 10}. Best is trial 2 with value: 69.63617508477614.
[I 2026-05-17 14:32:10,609] Trial 4 finished with value: 63.57306607363769 and parameters: {'bias_alpha': 0.9147917527963173, 'bias_combine_ratio': 0.27280728504951046, 'max_weight': 0.8223705789444758, 'mape_window': 28, 'bias_window': 13, 'short_vol_window': 9}. Best is trial 2 with value: 69.63617508477614.
[I 2026-05-17 14:32:15,165] Trial 5 finished with value: 53.564344463358374 and parameters: {'bias_alpha': 0.9184104976325553, 'bias_combine_ratio': 0.3962939903482534, 'max_weight': 0.739934756431672, 'mape_window': 38, 'bias_window': 16, 'short_vol_window': 5}. Best is trial 2 with value: 69.63617508477614.
[I 2026-05-17 14:32:19,612] Trial 6 finished with value: 78.22870758775727 and parameters: {'bias_alpha': 0.9411317277852157, 'bias_combine_ratio': 0.2426310309218229, 'max_weight': 0.7130103185970559, 'mape_window': 49, 'bias_window': 20, 'short_vol_window': 13}. Best is trial 6 with value: 78.22870758775727.
[I 2026-05-17 14:32:23,967] Trial 7 finished with value: 55.389996487275226 and parameters: {'bias_alpha': 0.8956920653760055, 'bias_combine_ratio': 0.22441802850159598, 'max_weight': 0.8368466053024314, 'mape_window': 36, 'bias_window': 11, 'short_vol_window': 10}. Best is trial 6 with value: 78.22870758775727.
[I 2026-05-17 14:32:28,343] Trial 8 finished with value: 51.3058571886799 and parameters: {'bias_alpha': 0.8551582781672827, 'bias_combine_ratio': 0.42733010051969555, 'max_weight': 0.7517559963200033, 'mape_window': 42, 'bias_window': 13, 'short_vol_window': 10}. Best is trial 6 with value: 78.22870758775727.
[I 2026-05-17 14:32:32,679] Trial 9 finished with value: 79.47728274794999 and parameters: {'bias_alpha': 0.9320065419014919, 'bias_combine_ratio': 0.24621361388138177, 'max_weight': 0.8939169255529118, 'mape_window': 45, 'bias_window': 20, 'short_vol_window': 14}. Best is trial 9 with value: 79.47728274794999.
[I 2026-05-17 14:32:37,107] Trial 10 finished with value: 76.73513977049967 and parameters: {'bias_alpha': 0.9500219332002524, 'bias_combine_ratio': 0.32395311950717154, 'max_weight': 0.8939074221575732, 'mape_window': 49, 'bias_window': 20, 'short_vol_window': 13}. Best is trial 9 with value: 79.47728274794999.
[I 2026-05-17 14:32:41,769] Trial 11 finished with value: 83.73015993704591 and parameters: {'bias_alpha': 0.9456533721976064, 'bias_combine_ratio': 0.20267038241347035, 'max_weight': 0.7068664413368257, 'mape_window': 50, 'bias_window': 20, 'short_vol_window': 13}. Best is trial 11 with value: 83.73015993704591.
[I 2026-05-17 14:32:46,031] Trial 12 finished with value: 85.0779221707927 and parameters: {'bias_alpha': 0.9485808514528571, 'bias_combine_ratio': 0.20704455578181843, 'max_weight': 0.8988011881992446, 'mape_window': 50, 'bias_window': 18, 'short_vol_window': 15}. Best is trial 12 with value: 85.0779221707927.
[I 2026-05-17 14:32:50,140] Trial 13 finished with value: 85.1995340142651 and parameters: {'bias_alpha': 0.962209740558673, 'bias_combine_ratio': 0.201641193496904, 'max_weight': 0.7783893210083959, 'mape_window': 50, 'bias_window': 18, 'short_vol_window': 12}. Best is trial 13 with value: 85.1995340142651.
[I 2026-05-17 14:32:54,306] Trial 14 finished with value: 63.2417861834347 and parameters: {'bias_alpha': 0.9698253182324457, 'bias_combine_ratio': 0.3029318465594939, 'max_weight': 0.7814546573573954, 'mape_window': 33, 'bias_window': 17, 'short_vol_window': 12}. Best is trial 13 with value: 85.1995340142651.
[I 2026-05-17 14:32:58,546] Trial 15 finished with value: 83.03406677581148 and parameters: {'bias_alpha': 0.9699883825452568, 'bias_combine_ratio': 0.20060492604766356, 'max_weight': 0.8629567438009796, 'mape_window': 46, 'bias_window': 18, 'short_vol_window': 15}. Best is trial 13 with value: 85.1995340142651.
[I 2026-05-17 14:33:22,625] Trial 16 finished with value: 81.70627585516517 and parameters: {'bias_alpha': 0.9951538460358155, 'bias_combine_ratio': 0.30062565695480975, 'max_weight': 0.7924229516802257, 'mape_window': 47, 'bias_window': 18, 'short_vol_window': 12}. Best is trial 13 with value: 85.1995340142651.
[I 2026-05-17 14:33:07,075] Trial 17 finished with value: 67.64365012356005 and parameters: {'bias_alpha': 0.95849479332464, 'bias_combine_ratio': 0.37228895574621557, 'max_weight': 0.7635681780261634, 'mape_window': 35, 'bias_window': 18, 'short_vol_window': 11}. Best is trial 13 with value: 85.1995340142651.
[I 2026-05-17 14:33:11,734] Trial 18 finished with value: 48.42893938915183 and parameters: {'bias_alpha': 0.9852437547457967, 'bias_combine_ratio': 0.3601069646191561, 'max_weight': 0.8711787810588647, 'mape_window': 40, 'bias_window': 15, 'short_vol_window': 8}. Best is trial 13 with value: 85.1995340142651.
[I 2026-05-17 14:33:16,258] Trial 19 finished with value: 81.70928568835218 and parameters: {'bias_alpha': 0.8979808860395331, 'bias_combine_ratio': 0.22341625841023457, 'max_weight': 0.8190333838930822, 'mape_window': 47, 'bias_window': 17, 'short_vol_window': 15}. Best is trial 13 with value: 85.1995340142651.
[I 2026-05-17 14:33:20,804] Trial 20 finished with value: 68.2802961392905 and parameters: {'bias_alpha': 0.9300223875094935, 'bias_combine_ratio': 0.27857769827644674, 'max_weight': 0.8029017569998237, 'mape_window': 31, 'bias_window': 19, 'short_vol_window': 12}. Best is trial 13 with value: 85.1995340142651.
[I 2026-05-17 14:33:25,076] Trial 21 finished with value: 80.79222179013611 and parameters: {'bias_alpha': 0.954113716928945, 'bias_combine_ratio': 0.2011657822842511, 'max_weight': 0.7063924594595081, 'mape_window': 50, 'bias_window': 19, 'short_vol_window': 14}. Best is trial 13 with value: 85.1995340142651.
[I 2026-05-17 14:33:29,489] Trial 22 finished with value: 67.38268356190771 and parameters: {'bias_alpha': 0.9418141936990966, 'bias_combine_ratio': 0.2201068381028472, 'max_weight': 0.7353994219791747, 'mape_window': 25, 'bias_window': 19, 'short_vol_window': 13}. Best is trial 13 with value: 85.1995340142651.
[I 2026-05-17 14:33:34,001] Trial 23 finished with value: 77.65652949626626 and parameters: {'bias_alpha': 0.9614531104447516, 'bias_combine_ratio': 0.20764425841840758, 'max_weight': 0.722313530964644, 'mape_window': 50, 'bias_window': 16, 'short_vol_window': 14}. Best is trial 13 with value: 85.1995340142651.
[I 2026-05-17 14:33:38,562] Trial 24 finished with value: 72.32482805382685 and parameters: {'bias_alpha': 0.9417215733156634, 'bias_combine_ratio': 0.23436485335403376, 'max_weight': 0.7642808977836704, 'mape_window': 48, 'bias_window': 17, 'short_vol_window': 11}. Best is trial 13 with value: 85.1995340142651.
[I 2026-05-17 14:33:43,198] Trial 25 finished with value: 77.79517123445288 and parameters: {'bias_alpha': 0.9794025772893871, 'bias_combine_ratio': 0.218396785246546, 'max_weight': 0.8672987831663036, 'mape_window': 46, 'bias_window': 19, 'short_vol_window': 14}. Best is trial 13 with value: 85.1995340142651.
[I 2026-05-17 14:33:47,858] Trial 26 finished with value: 80.26940886218658 and parameters: {'bias_alpha': 0.8708154909145898, 'bias_combine_ratio': 0.269490031211578, 'max_weight': 0.8433438152801838, 'mape_window': 50, 'bias_window': 16, 'short_vol_window': 11}. Best is trial 13 with value: 85.1995340142651.
[I 2026-05-17 14:34:12,664] Trial 27 finished with value: 57.977971840507806 and parameters: {'bias_alpha': 0.964552901217562, 'bias_combine_ratio': 0.2614120848842733, 'max_weight': 0.8044050953098698, 'mape_window': 42, 'bias_window': 18, 'short_vol_window': 13}. Best is trial 13 with value: 85.1995340142651.
[I 2026-05-17 14:33:56,982] Trial 28 finished with value: 75.49417083531429 and parameters: {'bias_alpha': 0.9488184661602657, 'bias_combine_ratio': 0.28783369053874436, 'max_weight': 0.7647139847863801, 'mape_window': 48, 'bias_window': 20, 'short_vol_window': 12}. Best is trial 13 with value: 85.1995340142651.
[I 2026-05-17 14:34:00,838] Trial 29 finished with value: 61.37344243156962 and parameters: {'bias_alpha': 0.9909970411931651, 'bias_combine_ratio': 0.24211783442686366, 'max_weight': 0.7792673639881526, 'mape_window': 44, 'bias_window': 19, 'short_vol_window': 15}. Best is trial 13 with value: 85.1995340142651.
[I 2026-05-17 14:34:04,905] Trial 30 finished with value: 65.49008472312474 and parameters: {'bias_alpha': 0.9287288393489842, 'bias_combine_ratio': 0.334736201349079, 'max_weight': 0.7237335740332962, 'mape_window': 45, 'bias_window': 15, 'short_vol_window': 9}. Best is trial 13 with value: 85.1995340142651.
[I 2026-05-17 14:34:09,014] Trial 31 finished with value: 83.09347575605325 and parameters: {'bias_alpha': 0.9760379180939726, 'bias_combine_ratio': 0.200215486924245, 'max_weight': 0.8657518465519173, 'mape_window': 46, 'bias_window': 18, 'short_vol_window': 15}. Best is trial 13 with value: 85.1995340142651.
[I 2026-05-17 14:34:13,627] Trial 32 finished with value: 79.0824357686653 and parameters: {'bias_alpha': 0.9825058208666559, 'bias_combine_ratio': 0.2109884670139418, 'max_weight': 0.8839206620815206, 'mape_window': 50, 'bias_window': 17, 'short_vol_window': 14}. Best is trial 13 with value: 85.1995340142651.
[I 2026-05-17 14:34:18,102] Trial 33 finished with value: 77.36692696524553 and parameters: {'bias_alpha': 0.9605234701088021, 'bias_combine_ratio': 0.23305881382998286, 'max_weight': 0.8807788259479656, 'mape_window': 48, 'bias_window': 14, 'short_vol_window': 15}. Best is trial 13 with value: 85.1995340142651.
[I 2026-05-17 14:34:22,100] Trial 34 finished with value: 80.08582551161307 and parameters: {'bias_alpha': 0.9699028315451853, 'bias_combine_ratio': 0.20006552807617822, 'max_weight': 0.8622289827185574, 'mape_window': 46, 'bias_window': 18, 'short_vol_window': 13}. Best is trial 13 with value: 85.1995340142651.
[I 2026-05-17 14:34:26,224] Trial 35 finished with value: 60.44007400926384 and parameters: {'bias_alpha': 0.9404207718973124, 'bias_combine_ratio': 0.22939477333029795, 'max_weight': 0.8338104322776683, 'mape_window': 43, 'bias_window': 19, 'short_vol_window': 14}. Best is trial 13 with value: 85.1995340142651.
[I 2026-05-17 14:34:30,390] Trial 36 finished with value: 54.871946791618974 and parameters: {'bias_alpha': 0.9188201389870747, 'bias_combine_ratio': 0.2574603263352695, 'max_weight': 0.8531217237163519, 'mape_window': 40, 'bias_window': 16, 'short_vol_window': 15}. Best is trial 13 with value: 85.1995340142651.
[I 2026-05-17 14:34:34,559] Trial 37 finished with value: 69.72421917898738 and parameters: {'bias_alpha': 0.997781162135541, 'bias_combine_ratio': 0.21648465311425158, 'max_weight': 0.700226070988851, 'mape_window': 48, 'bias_window': 20, 'short_vol_window': 6}. Best is trial 13 with value: 85.1995340142651.
[I 2026-05-17 14:34:38,735] Trial 38 finished with value: 78.35005140159063 and parameters: {'bias_alpha': 0.9510509652818694, 'bias_combine_ratio': 0.24868783280204085, 'max_weight': 0.8781256821481953, 'mape_window': 49, 'bias_window': 17, 'short_vol_window': 13}. Best is trial 13 with value: 85.1995340142651.
[I 2026-05-17 14:34:43,427] Trial 39 finished with value: 65.00057368666488 and parameters: {'bias_alpha': 0.9870031330612287, 'bias_combine_ratio': 0.21443212399286862, 'max_weight': 0.8990539962165114, 'mape_window': 44, 'bias_window': 10, 'short_vol_window': 15}. Best is trial 13 with value: 85.1995340142651.
[I 2026-05-17 14:34:48,038] Trial 40 finished with value: 81.1562807601921 and parameters: {'bias_alpha': 0.9066241171452525, 'bias_combine_ratio': 0.23220064951291988, 'max_weight': 0.821364127262953, 'mape_window': 50, 'bias_window': 15, 'short_vol_window': 11}. Best is trial 13 with value: 85.1995340142651.
[I 2026-05-17 14:35:12,708] Trial 41 finished with value: 83.0524393951241 and parameters: {'bias_alpha': 0.9732260582005092, 'bias_combine_ratio': 0.20237232603240957, 'max_weight': 0.8564939856901629, 'mape_window': 46, 'bias_window': 18, 'short_vol_window': 15}. Best is trial 13 with value: 85.1995340142651.
[I 2026-05-17 14:34:57,131] Trial 42 finished with value: 77.47738787487309 and parameters: {'bias_alpha': 0.9760503637797915, 'bias_combine_ratio': 0.21057207973654896, 'max_weight': 0.8538378009668687, 'mape_window': 47, 'bias_window': 18, 'short_vol_window': 14}. Best is trial 13 with value: 85.1995340142651.
[I 2026-05-17 14:35:01,830] Trial 43 finished with value: 51.76520239353085 and parameters: {'bias_alpha': 0.9669611097797902, 'bias_combine_ratio': 0.23961824562142453, 'max_weight': 0.8863785233463128, 'mape_window': 38, 'bias_window': 20, 'short_vol_window': 15}. Best is trial 13 with value: 85.1995340142651.
[I 2026-05-17 14:35:06,159] Trial 44 finished with value: 74.71937646231032 and parameters: {'bias_alpha': 0.974052261856259, 'bias_combine_ratio': 0.20136464384432823, 'max_weight': 0.8352116445458719, 'mape_window': 45, 'bias_window': 12, 'short_vol_window': 14}. Best is trial 13 with value: 85.1995340142651.
[I 2026-05-17 14:35:10,551] Trial 45 finished with value: 79.54294807630622 and parameters: {'bias_alpha': 0.9355010324854931, 'bias_combine_ratio': 0.22406526467318155, 'max_weight': 0.8477047868807331, 'mape_window': 49, 'bias_window': 17, 'short_vol_window': 12}. Best is trial 13 with value: 85.1995340142651.
[I 2026-05-17 14:35:15,311] Trial 46 finished with value: 61.78484758083137 and parameters: {'bias_alpha': 0.9531970298097844, 'bias_combine_ratio': 0.44830967159662627, 'max_weight': 0.8107665294377395, 'mape_window': 42, 'bias_window': 18, 'short_vol_window': 15}. Best is trial 13 with value: 85.1995340142651.
[I 2026-05-17 14:35:21,444] Trial 47 finished with value: 82.02316183754859 and parameters: {'bias_alpha': 0.9469176973961949, 'bias_combine_ratio': 0.39206177006055254, 'max_weight': 0.7932596559456019, 'mape_window': 47, 'bias_window': 19, 'short_vol_window': 13}. Best is trial 13 with value: 85.1995340142651.
[I 2026-05-17 14:35:26,613] Trial 48 finished with value: 73.38545028819433 and parameters: {'bias_alpha': 0.9568814186549013, 'bias_combine_ratio': 0.2506715204762766, 'max_weight': 0.7541632155526667, 'mape_window': 49, 'bias_window': 18, 'short_vol_window': 9}. Best is trial 13 with value: 85.1995340142651.
[I 2026-05-17 14:35:31,131] Trial 49 finished with value: 76.06346103034058 and parameters: {'bias_alpha': 0.9746874946899307, 'bias_combine_ratio': 0.2105735468238414, 'max_weight': 0.8733511694788268, 'mape_window': 46, 'bias_window': 14, 'short_vol_window': 14}. Best is trial 13 with value: 85.1995340142651.
[I 2026-05-17 14:35:35,375] Trial 50 finished with value: 60.609762450110324 and parameters: {'bias_alpha': 0.9908432196935812, 'bias_combine_ratio': 0.22598225579274753, 'max_weight': 0.8929735862997772, 'mape_window': 41, 'bias_window': 20, 'short_vol_window': 12}. Best is trial 13 with value: 85.1995340142651.
[I 2026-05-17 14:35:39,534] Trial 51 finished with value: 82.50746618222566 and parameters: {'bias_alpha': 0.969737029635853, 'bias_combine_ratio': 0.20000657095182217, 'max_weight': 0.8605040470972275, 'mape_window': 45, 'bias_window': 18, 'short_vol_window': 15}. Best is trial 13 with value: 85.1995340142651.
[I 2026-05-17 14:35:43,749] Trial 52 finished with value: 81.8909215762692 and parameters: {'bias_alpha': 0.9645102178021188, 'bias_combine_ratio': 0.2097649951562681, 'max_weight': 0.8584395446840253, 'mape_window': 47, 'bias_window': 17, 'short_vol_window': 15}. Best is trial 13 with value: 85.1995340142651.
[I 2026-05-17 14:36:07,812] Trial 53 finished with value: 60.31582614013215 and parameters: {'bias_alpha': 0.9792988408163023, 'bias_combine_ratio': 0.2204067241658758, 'max_weight': 0.8295263460265646, 'mape_window': 43, 'bias_window': 19, 'short_vol_window': 14}. Best is trial 13 with value: 85.1995340142651.
[I 2026-05-17 14:35:51,789] Trial 54 finished with value: 62.496371617174574 and parameters: {'bias_alpha': 0.9594773221916062, 'bias_combine_ratio': 0.20117683117972737, 'max_weight': 0.8450828773410107, 'mape_window': 36, 'bias_window': 18, 'short_vol_window': 15}. Best is trial 13 with value: 85.1995340142651.
[I 2026-05-17 14:35:55,858] Trial 55 finished with value: 69.40727916610383 and parameters: {'bias_alpha': 0.9372752958178577, 'bias_combine_ratio': 0.23079219826125077, 'max_weight': 0.8680963776883441, 'mape_window': 48, 'bias_window': 17, 'short_vol_window': 14}. Best is trial 13 with value: 85.1995340142651.
[I 2026-05-17 14:36:01,290] Trial 56 finished with value: 74.10966928573202 and parameters: {'bias_alpha': 0.9447979754911398, 'bias_combine_ratio': 0.32737388395999617, 'max_weight': 0.7765594474236118, 'mape_window': 46, 'bias_window': 16, 'short_vol_window': 10}. Best is trial 13 with value: 85.1995340142651.
[I 2026-05-17 14:36:05,852] Trial 57 finished with value: 78.70107349645117 and parameters: {'bias_alpha': 0.9549727950725995, 'bias_combine_ratio': 0.21833080331864224, 'max_weight': 0.8892629341210719, 'mape_window': 49, 'bias_window': 19, 'short_vol_window': 13}. Best is trial 13 with value: 85.1995340142651.
[I 2026-05-17 14:36:10,252] Trial 58 finished with value: 84.30065307099821 and parameters: {'bias_alpha': 0.9696756234436955, 'bias_combine_ratio': 0.24137919648304582, 'max_weight': 0.8732685790209684, 'mape_window': 50, 'bias_window': 18, 'short_vol_window': 15}. Best is trial 13 with value: 85.1995340142651.
