[I 2026-05-17 14:36:14,749] Trial 59 finished with value: 85.54821930298274 and parameters: {'bias_alpha': 0.9215585624882947, 'bias_combine_ratio': 0.23868038106779493, 'max_weight': 0.8993593272430654, 'mape_window': 50, 'bias_window': 20, 'short_vol_window': 15}. Best is trial 59 with value: 85.54821930298274.
[I 2026-05-17 14:36:19,527] Trial 60 finished with value: 80.55483436276022 and parameters: {'bias_alpha': 0.9176934045063168, 'bias_combine_ratio': 0.2986793167937316, 'max_weight': 0.8744060028037957, 'mape_window': 50, 'bias_window': 20, 'short_vol_window': 14}. Best is trial 59 with value: 85.54821930298274.
[I 2026-05-17 14:36:24,073] Trial 61 finished with value: 79.89775025175139 and parameters: {'bias_alpha': 0.9229641824272191, 'bias_combine_ratio': 0.26560423885199025, 'max_weight': 0.8991658953919465, 'mape_window': 49, 'bias_window': 19, 'short_vol_window': 15}. Best is trial 59 with value: 85.54821930298274.
[I 2026-05-17 14:36:28,464] Trial 62 finished with value: 85.461410427714 and parameters: {'bias_alpha': 0.9070956523158268, 'bias_combine_ratio': 0.2387253203258779, 'max_weight': 0.8895670303896284, 'mape_window': 50, 'bias_window': 20, 'short_vol_window': 15}. Best is trial 59 with value: 85.54821930298274.
[I 2026-05-17 14:36:52,821] Trial 63 finished with value: 81.36323973795908 and parameters: {'bias_alpha': 0.907953527580299, 'bias_combine_ratio': 0.2568282080187312, 'max_weight': 0.8908023916890997, 'mape_window': 50, 'bias_window': 20, 'short_vol_window': 14}. Best is trial 59 with value: 85.54821930298274.
[I 2026-05-17 14:36:37,096] Trial 64 finished with value: 75.90222860138319 and parameters: {'bias_alpha': 0.8870523733657325, 'bias_combine_ratio': 0.24058400752514328, 'max_weight': 0.8780299365353754, 'mape_window': 48, 'bias_window': 20, 'short_vol_window': 15}. Best is trial 59 with value: 85.54821930298274.
[I 2026-05-17 14:36:41,127] Trial 65 finished with value: 80.3903337071497 and parameters: {'bias_alpha': 0.9243797808377191, 'bias_combine_ratio': 0.2796190305264316, 'max_weight': 0.8841098459458506, 'mape_window': 50, 'bias_window': 19, 'short_vol_window': 14}. Best is trial 59 with value: 85.54821930298274.
[I 2026-05-17 14:36:45,062] Trial 66 finished with value: 78.10194975780996 and parameters: {'bias_alpha': 0.8963466371249904, 'bias_combine_ratio': 0.23799658921200606, 'max_weight': 0.7436813657567706, 'mape_window': 49, 'bias_window': 20, 'short_vol_window': 13}. Best is trial 59 with value: 85.54821930298274.
[I 2026-05-17 14:36:48,910] Trial 67 finished with value: 70.71892369805869 and parameters: {'bias_alpha': 0.9098354959797694, 'bias_combine_ratio': 0.2241609545373613, 'max_weight': 0.8996572734033368, 'mape_window': 48, 'bias_window': 19, 'short_vol_window': 8}. Best is trial 59 with value: 85.54821930298274.
[I 2026-05-17 14:36:53,079] Trial 68 finished with value: 68.0408077556499 and parameters: {'bias_alpha': 0.886778829351703, 'bias_combine_ratio': 0.2469792768138635, 'max_weight': 0.7226125658506586, 'mape_window': 31, 'bias_window': 19, 'short_vol_window': 15}. Best is trial 59 with value: 85.54821930298274.
[I 2026-05-17 14:36:57,229] Trial 69 finished with value: 82.96306062919356 and parameters: {'bias_alpha': 0.9017093577209272, 'bias_combine_ratio': 0.34451362979129674, 'max_weight': 0.8674303022225269, 'mape_window': 50, 'bias_window': 20, 'short_vol_window': 12}. Best is trial 59 with value: 85.54821930298274.
[I 2026-05-17 14:37:01,098] Trial 70 finished with value: 78.8938783530759 and parameters: {'bias_alpha': 0.9329023255405285, 'bias_combine_ratio': 0.27594082978301104, 'max_weight': 0.7140699713292162, 'mape_window': 47, 'bias_window': 20, 'short_vol_window': 14}. Best is trial 59 with value: 85.54821930298274.
[I 2026-05-17 14:37:05,143] Trial 71 finished with value: 80.66144824268994 and parameters: {'bias_alpha': 0.9640495127292631, 'bias_combine_ratio': 0.20896899545216163, 'max_weight': 0.893106209968871, 'mape_window': 49, 'bias_window': 18, 'short_vol_window': 15}. Best is trial 59 with value: 85.54821930298274.
[I 2026-05-17 14:37:09,066] Trial 72 finished with value: 74.52857766035254 and parameters: {'bias_alpha': 0.9794976937763347, 'bias_combine_ratio': 0.21762603352152565, 'max_weight': 0.8794622755355629, 'mape_window': 48, 'bias_window': 17, 'short_vol_window': 15}. Best is trial 59 with value: 85.54821930298274.
[I 2026-05-17 14:37:13,215] Trial 73 finished with value: 84.8769730532732 and parameters: {'bias_alpha': 0.9130858350768818, 'bias_combine_ratio': 0.20757989256922235, 'max_weight': 0.8840217019218097, 'mape_window': 50, 'bias_window': 18, 'short_vol_window': 15}. Best is trial 59 with value: 85.54821930298274.
[I 2026-05-17 14:37:17,192] Trial 74 finished with value: 84.40793722907524 and parameters: {'bias_alpha': 0.9133388797726781, 'bias_combine_ratio': 0.22943423835981216, 'max_weight': 0.8866939875010931, 'mape_window': 50, 'bias_window': 18, 'short_vol_window': 15}. Best is trial 59 with value: 85.54821930298274.
[I 2026-05-17 14:37:21,075] Trial 75 finished with value: 80.47652635814816 and parameters: {'bias_alpha': 0.9119115148849283, 'bias_combine_ratio': 0.22916698294972612, 'max_weight': 0.8885296773709924, 'mape_window': 50, 'bias_window': 19, 'short_vol_window': 14}. Best is trial 59 with value: 85.54821930298274.
[I 2026-05-17 14:37:24,910] Trial 76 finished with value: 83.5229143536454 and parameters: {'bias_alpha': 0.9226459247640314, 'bias_combine_ratio': 0.23606932950893497, 'max_weight': 0.8847744360163888, 'mape_window': 49, 'bias_window': 17, 'short_vol_window': 5}. Best is trial 59 with value: 85.54821930298274.
[I 2026-05-17 14:37:28,922] Trial 77 finished with value: 66.01228612927723 and parameters: {'bias_alpha': 0.9017224381731969, 'bias_combine_ratio': 0.256237893068537, 'max_weight': 0.8963106522040881, 'mape_window': 27, 'bias_window': 19, 'short_vol_window': 15}. Best is trial 59 with value: 85.54821930298274.
[I 2026-05-17 14:37:32,741] Trial 78 finished with value: 81.24237132716615 and parameters: {'bias_alpha': 0.8890909773377405, 'bias_combine_ratio': 0.24347935886801167, 'max_weight': 0.874142534701393, 'mape_window': 50, 'bias_window': 18, 'short_vol_window': 11}. Best is trial 59 with value: 85.54821930298274.
[I 2026-05-17 14:37:36,759] Trial 79 finished with value: 77.56011795316344 and parameters: {'bias_alpha': 0.9138775872301006, 'bias_combine_ratio': 0.21563025536066982, 'max_weight': 0.7296598077148516, 'mape_window': 49, 'bias_window': 16, 'short_vol_window': 13}. Best is trial 59 with value: 85.54821930298274.
{"json": "/home/hoky/Quants-agent/LuminaQuant/var/reports/profit_moonshot_20260501/current_tail_20260508/alpha_v2/common_split_alpha_zoo_hybrid_v35_v36_20260517/common_split_alpha_zoo_hybrid_v35_v36_latest.json", "markdown": "/home/hoky/Quants-agent/LuminaQuant/var/reports/profit_moonshot_20260501/current_tail_20260508/alpha_v2/common_split_alpha_zoo_hybrid_v35_v36_20260517/common_split_alpha_zoo_hybrid_v35_v36_latest.md", "peak_rss_mib": 769.1015625, "timestamped_json": "/home/hoky/Quants-agent/LuminaQuant/var/reports/profit_moonshot_20260501/current_tail_20260508/alpha_v2/common_split_alpha_zoo_hybrid_v35_v36_20260517/common_split_alpha_zoo_hybrid_v35_v36_20260517T053740Z.json", "timestamped_markdown": "/home/hoky/Quants-agent/LuminaQuant/var/reports/profit_moonshot_20260501/current_tail_20260508/alpha_v2/common_split_alpha_zoo_hybrid_v35_v36_20260517/common_split_alpha_zoo_hybrid_v35_v36_20260517T053740Z.md"}
